<?xml version="1.0" encoding="UTF-8"?>
<testsuite xmlns:xsi="http://www.w3.org/2001/XMLSchema-instance" xsi:noNamespaceSchemaLocation="https://maven.apache.org/surefire/maven-surefire-plugin/xsd/surefire-test-report-3.0.xsd" version="3.0" name="UI_Automation_Project.login.TestLoginWithReusableRunner" time="21.002" tests="1" errors="0" skipped="0" failures="0">
  <properties>
[...]
</properties>
  <testcase name="[1:8] Add products to cart" classname="UI_Automation_Project/login/loginUsingReusable" time="20.992">
    <system-out><![CDATA[12:54:23.974 [main] DEBUG com.intuit.karate.Suite -- [config] classpath:karate-config.js
12:54:23.986 [main] INFO com.intuit.karate -- karate.env system property was: null 
12:54:23.987 [main] INFO com.intuit.karate -- the browser set is: chromedriver, default: "chrome" 
12:54:23.991 [main] DEBUG com.jayway.jsonpath.internal.path.CompiledPath -- Evaluating path: $
12:54:23.994 [main] DEBUG com.jayway.jsonpath.internal.path.CompiledPath -- Evaluating path: $
12:54:23.994 [main] DEBUG com.jayway.jsonpath.internal.path.CompiledPath -- Evaluating path: $
12:54:23.996 [main] DEBUG com.intuit.karate.shell.Command -- found / verified free local port: 54317
12:54:23.996 [main] WARN com.intuit.karate.driver.DriverOptions -- preferred port 9222 not available, will use: 54317
12:54:23.997 [chrome_1718781863995] DEBUG com.intuit.karate.driver.chrome_1718781863995 -- command: [C:\Program Files\Google\Chrome\Application\chrome.exe, --remote-debugging-port=54317, --remote-allow-origins=*, --no-first-run, --user-data-dir=C:\Users\HarshvardhanNigaveka\OneDrive - Academian India Private Limited\Desktop\GitHubActions\karateUI\UI_Automation_Project\target\chrome_1718781863995, --disable-popup-blocking, --incognito], working dir: target\chrome_1718781863995
12:54:23.998 [main] DEBUG com.intuit.karate.driver.chrome_1718781863995 -- poll attempt #0 for port to be ready - localhost:54317
12:54:24.253 [main] DEBUG com.intuit.karate.driver.chrome_1718781863995 -- poll attempt #1 for port to be ready - localhost:54317
12:54:24.308 [chrome_1718781863995-out] DEBUG com.intuit.karate.driver.chrome_1718781863995 -- 
12:54:24.308 [chrome_1718781863995-out] DEBUG com.intuit.karate.driver.chrome_1718781863995 -- DevTools listening on ws://127.0.0.1:54317/devtools/browser/b6f863bf-2e1c-4f71-9c7f-237ce3a675a6
12:54:24.519 [main] DEBUG com.intuit.karate.driver.chrome_1718781863995 -- poll attempt #2 for port to be ready - localhost:54317
12:54:24.550 [main] DEBUG org.apache.http.client.protocol.RequestAddCookies -- CookieSpec selected: karate
12:54:24.550 [main] DEBUG org.apache.http.client.protocol.RequestAuthCache -- Auth cache not set in the context
12:54:24.550 [main] DEBUG com.intuit.karate -- request:
1 > GET http://localhost:54317/json
1 > Host: localhost:54317
1 > Connection: Keep-Alive
1 > User-Agent: Apache-HttpClient/4.5.14 (Java/17.0.11)
1 > Accept-Encoding: gzip,deflate


12:54:24.550 [main] DEBUG org.apache.http.impl.conn.PoolingHttpClientConnectionManager -- Connection request: [route: {}->http://localhost:54317][total available: 0; route allocated: 0 of 5; total allocated: 0 of 10]
12:54:24.551 [main] DEBUG org.apache.http.impl.conn.PoolingHttpClientConnectionManager -- Connection leased: [id: 26][route: {}->http://localhost:54317][total available: 0; route allocated: 1 of 5; total allocated: 1 of 10]
12:54:24.551 [main] DEBUG org.apache.http.impl.execchain.MainClientExec -- Opening connection {}->http://localhost:54317
12:54:24.551 [main] DEBUG org.apache.http.impl.conn.DefaultHttpClientConnectionOperator -- Connecting to localhost/127.0.0.1:54317
12:54:24.552 [main] DEBUG org.apache.http.impl.conn.DefaultHttpClientConnectionOperator -- Connection established 127.0.0.1:54321<->127.0.0.1:54317
12:54:24.552 [main] DEBUG org.apache.http.impl.conn.DefaultManagedHttpClientConnection -- http-outgoing-26: set socket timeout to 30000
12:54:24.552 [main] DEBUG org.apache.http.impl.execchain.MainClientExec -- Executing request GET /json HTTP/1.1
12:54:24.552 [main] DEBUG org.apache.http.impl.execchain.MainClientExec -- Target auth state: UNCHALLENGED
12:54:24.552 [main] DEBUG org.apache.http.impl.execchain.MainClientExec -- Proxy auth state: UNCHALLENGED
12:54:24.552 [main] DEBUG org.apache.http.headers -- http-outgoing-26 >> GET /json HTTP/1.1
12:54:24.552 [main] DEBUG org.apache.http.headers -- http-outgoing-26 >> Host: localhost:54317
12:54:24.552 [main] DEBUG org.apache.http.headers -- http-outgoing-26 >> Connection: Keep-Alive
12:54:24.552 [main] DEBUG org.apache.http.headers -- http-outgoing-26 >> User-Agent: Apache-HttpClient/4.5.14 (Java/17.0.11)
12:54:24.552 [main] DEBUG org.apache.http.headers -- http-outgoing-26 >> Accept-Encoding: gzip,deflate
12:54:24.553 [main] DEBUG org.apache.http.wire -- http-outgoing-26 >> "GET /json HTTP/1.1[\r][\n]"
12:54:24.553 [main] DEBUG org.apache.http.wire -- http-outgoing-26 >> "Host: localhost:54317[\r][\n]"
12:54:24.553 [main] DEBUG org.apache.http.wire -- http-outgoing-26 >> "Connection: Keep-Alive[\r][\n]"
12:54:24.553 [main] DEBUG org.apache.http.wire -- http-outgoing-26 >> "User-Agent: Apache-HttpClient/4.5.14 (Java/17.0.11)[\r][\n]"
12:54:24.553 [main] DEBUG org.apache.http.wire -- http-outgoing-26 >> "Accept-Encoding: gzip,deflate[\r][\n]"
12:54:24.553 [main] DEBUG org.apache.http.wire -- http-outgoing-26 >> "[\r][\n]"
12:54:24.553 [main] DEBUG org.apache.http.wire -- http-outgoing-26 << "HTTP/1.1 200 OK[\r][\n]"
12:54:24.553 [main] DEBUG org.apache.http.wire -- http-outgoing-26 << "Content-Security-Policy:frame-ancestors 'none'[\r][\n]"
12:54:24.553 [main] DEBUG org.apache.http.wire -- http-outgoing-26 << "Content-Length:1722[\r][\n]"
12:54:24.553 [main] DEBUG org.apache.http.wire -- http-outgoing-26 << "Content-Type:application/json; charset=UTF-8[\r][\n]"
12:54:24.553 [main] DEBUG org.apache.http.wire -- http-outgoing-26 << "[\r][\n]"
12:54:24.553 [main] DEBUG org.apache.http.wire -- http-outgoing-26 << "[ {[\r][\n]"
12:54:24.553 [main] DEBUG org.apache.http.wire -- http-outgoing-26 << "   "description": "",[\r][\n]"
12:54:24.553 [main] DEBUG org.apache.http.wire -- http-outgoing-26 << "   "devtoolsFrontendUrl": "/devtools/inspector.html?ws=localhost:54317/devtools/page/4DCA7F0173ABA26C94D7D5A187156FA3",[\r][\n]"
12:54:24.553 [main] DEBUG org.apache.http.wire -- http-outgoing-26 << "   "id": "4DCA7F0173ABA26C94D7D5A187156FA3",[\r][\n]"
12:54:24.553 [main] DEBUG org.apache.http.wire -- http-outgoing-26 << "   "title": "Google Network Speech",[\r][\n]"
12:54:24.553 [main] DEBUG org.apache.http.wire -- http-outgoing-26 << "   "type": "background_page",[\r][\n]"
12:54:24.553 [main] DEBUG org.apache.http.wire -- http-outgoing-26 << "   "url": "chrome-extension://neajdppkdcdipfabeoofebfddakdcjhd/_generated_background_page.html",[\r][\n]"
12:54:24.553 [main] DEBUG org.apache.http.wire -- http-outgoing-26 << "   "webSocketDebuggerUrl": "ws://localhost:54317/devtools/page/4DCA7F0173ABA26C94D7D5A187156FA3"[\r][\n]"
12:54:24.553 [main] DEBUG org.apache.http.wire -- http-outgoing-26 << "}, {[\r][\n]"
12:54:24.553 [main] DEBUG org.apache.http.wire -- http-outgoing-26 << "   "description": "",[\r][\n]"
12:54:24.553 [main] DEBUG org.apache.http.wire -- http-outgoing-26 << "   "devtoolsFrontendUrl": "/devtools/inspector.html?ws=localhost:54317/devtools/page/B67E678C33A1A804E348B101EEFEEDAA",[\r][\n]"
12:54:24.554 [main] DEBUG org.apache.http.wire -- http-outgoing-26 << "   "id": "B67E678C33A1A804E348B101EEFEEDAA",[\r][\n]"
12:54:24.554 [main] DEBUG org.apache.http.wire -- http-outgoing-26 << "   "title": "Google Hangouts",[\r][\n]"
12:54:24.554 [main] DEBUG org.apache.http.wire -- http-outgoing-26 << "   "type": "background_page",[\r][\n]"
12:54:24.554 [main] DEBUG org.apache.http.wire -- http-outgoing-26 << "   "url": "chrome-extension://nkeimhogjdpnpccoofpliimaahmaaome/background.html",[\r][\n]"
12:54:24.554 [main] DEBUG org.apache.http.wire -- http-outgoing-26 << "   "webSocketDebuggerUrl": "ws://localhost:54317/devtools/page/B67E678C33A1A804E348B101EEFEEDAA"[\r][\n]"
12:54:24.554 [main] DEBUG org.apache.http.wire -- http-outgoing-26 << "}, {[\r][\n]"
12:54:24.554 [main] DEBUG org.apache.http.wire -- http-outgoing-26 << "   "description": "",[\r][\n]"
12:54:24.554 [main] DEBUG org.apache.http.wire -- http-outgoing-26 << "   "devtoolsFrontendUrl": "/devtools/inspector.html?ws=localhost:54317/devtools/page/2EC591EDAAFBA4321671A7C38A40E1EF",[\r][\n]"
12:54:24.554 [main] DEBUG org.apache.http.wire -- http-outgoing-26 << "   "id": "2EC591EDAAFBA4321671A7C38A40E1EF",[\r][\n]"
12:54:24.554 [main] DEBUG org.apache.http.wire -- http-outgoing-26 << "   "title": "Google Hangouts",[\r][\n]"
12:54:24.554 [main] DEBUG org.apache.http.wire -- http-outgoing-26 << "   "type": "background_page",[\r][\n]"
12:54:24.554 [main] DEBUG org.apache.http.wire -- http-outgoing-26 << "   "url": "chrome-extension://nkeimhogjdpnpccoofpliimaahmaaome/background.html",[\r][\n]"
12:54:24.554 [main] DEBUG org.apache.http.wire -- http-outgoing-26 << "   "webSocketDebuggerUrl": "ws://localhost:54317/devtools/page/2EC591EDAAFBA4321671A7C38A40E1EF"[\r][\n]"
12:54:24.554 [main] DEBUG org.apache.http.wire -- http-outgoing-26 << "}, {[\r][\n]"
12:54:24.554 [main] DEBUG org.apache.http.wire -- http-outgoing-26 << "   "description": "",[\r][\n]"
12:54:24.554 [main] DEBUG org.apache.http.wire -- http-outgoing-26 << "   "devtoolsFrontendUrl": "/devtools/inspector.html?ws=localhost:54317/devtools/page/1F8E725DE33A7811B6E13FDA7DD8A462",[\r][\n]"
12:54:24.554 [main] DEBUG org.apache.http.wire -- http-outgoing-26 << "   "id": "1F8E725DE33A7811B6E13FDA7DD8A462",[\r][\n]"
12:54:24.554 [main] DEBUG org.apache.http.wire -- http-outgoing-26 << "   "title": "New Incognito Tab",[\r][\n]"
12:54:24.554 [main] DEBUG org.apache.http.wire -- http-outgoing-26 << "   "type": "page",[\r][\n]"
12:54:24.554 [main] DEBUG org.apache.http.wire -- http-outgoing-26 << "   "url": "chrome://newtab/",[\r][\n]"
12:54:24.554 [main] DEBUG org.apache.http.wire -- http-outgoing-26 << "   "webSocketDebuggerUrl": "ws://localhost:54317/devtools/page/1F8E725DE33A7811B6E13FDA7DD8A462"[\r][\n]"
12:54:24.554 [main] DEBUG org.apache.http.wire -- http-outgoing-26 << "} ][\r][\n]"
12:54:24.554 [main] DEBUG org.apache.http.headers -- http-outgoing-26 << HTTP/1.1 200 OK
12:54:24.554 [main] DEBUG org.apache.http.headers -- http-outgoing-26 << Content-Security-Policy:frame-ancestors 'none'
12:54:24.554 [main] DEBUG org.apache.http.headers -- http-outgoing-26 << Content-Length:1722
12:54:24.554 [main] DEBUG org.apache.http.headers -- http-outgoing-26 << Content-Type:application/json; charset=UTF-8
12:54:24.554 [main] DEBUG org.apache.http.impl.execchain.MainClientExec -- Connection can be kept alive indefinitely
12:54:24.554 [main] DEBUG org.apache.http.impl.conn.PoolingHttpClientConnectionManager -- Connection [id: 26][route: {}->http://localhost:54317] can be kept alive indefinitely
12:54:24.554 [main] DEBUG org.apache.http.impl.conn.DefaultManagedHttpClientConnection -- http-outgoing-26: set socket timeout to 0
12:54:24.554 [main] DEBUG org.apache.http.impl.conn.PoolingHttpClientConnectionManager -- Connection released: [id: 26][route: {}->http://localhost:54317][total available: 1; route allocated: 1 of 5; total allocated: 1 of 10]
12:54:24.554 [main] DEBUG org.apache.http.impl.conn.PoolingHttpClientConnectionManager -- Connection manager is shutting down
12:54:24.554 [main] DEBUG org.apache.http.impl.conn.DefaultManagedHttpClientConnection -- http-outgoing-26: Close connection
12:54:24.554 [main] DEBUG org.apache.http.impl.conn.PoolingHttpClientConnectionManager -- Connection manager shut down
12:54:24.555 [main] DEBUG com.intuit.karate -- response time in milliseconds: 4
1 < 200
1 < Content-Security-Policy: frame-ancestors 'none'
1 < Content-Length: 1722
1 < Content-Type: application/json; charset=UTF-8
[ {
   "description": "",
   "devtoolsFrontendUrl": "/devtools/inspector.html?ws=localhost:54317/devtools/page/4DCA7F0173ABA26C94D7D5A187156FA3",
   "id": "4DCA7F0173ABA26C94D7D5A187156FA3",
   "title": "Google Network Speech",
   "type": "background_page",
   "url": "chrome-extension://neajdppkdcdipfabeoofebfddakdcjhd/_generated_background_page.html",
   "webSocketDebuggerUrl": "ws://localhost:54317/devtools/page/4DCA7F0173ABA26C94D7D5A187156FA3"
}, {
   "description": "",
   "devtoolsFrontendUrl": "/devtools/inspector.html?ws=localhost:54317/devtools/page/B67E678C33A1A804E348B101EEFEEDAA",
   "id": "B67E678C33A1A804E348B101EEFEEDAA",
   "title": "Google Hangouts",
   "type": "background_page",
   "url": "chrome-extension://nkeimhogjdpnpccoofpliimaahmaaome/background.html",
   "webSocketDebuggerUrl": "ws://localhost:54317/devtools/page/B67E678C33A1A804E348B101EEFEEDAA"
}, {
   "description": "",
   "devtoolsFrontendUrl": "/devtools/inspector.html?ws=localhost:54317/devtools/page/2EC591EDAAFBA4321671A7C38A40E1EF",
   "id": "2EC591EDAAFBA4321671A7C38A40E1EF",
   "title": "Google Hangouts",
   "type": "background_page",
   "url": "chrome-extension://nkeimhogjdpnpccoofpliimaahmaaome/background.html",
   "webSocketDebuggerUrl": "ws://localhost:54317/devtools/page/2EC591EDAAFBA4321671A7C38A40E1EF"
}, {
   "description": "",
   "devtoolsFrontendUrl": "/devtools/inspector.html?ws=localhost:54317/devtools/page/1F8E725DE33A7811B6E13FDA7DD8A462",
   "id": "1F8E725DE33A7811B6E13FDA7DD8A462",
   "title": "New Incognito Tab",
   "type": "page",
   "url": "chrome://newtab/",
   "webSocketDebuggerUrl": "ws://localhost:54317/devtools/page/1F8E725DE33A7811B6E13FDA7DD8A462"
} ]


12:54:24.555 [main] DEBUG com.jayway.jsonpath.internal.path.CompiledPath -- Evaluating path: $
12:54:24.555 [main] DEBUG com.intuit.karate.shell.Command -- ready to accept http connections after 28 ms - http://localhost:54317/json
12:54:24.557 [main] DEBUG org.apache.http.client.protocol.RequestAddCookies -- CookieSpec selected: karate
12:54:24.557 [main] DEBUG org.apache.http.client.protocol.RequestAuthCache -- Auth cache not set in the context
12:54:24.557 [main] DEBUG com.intuit.karate -- request:
1 > GET http://localhost:54317/json
1 > Host: localhost:54317
1 > Connection: Keep-Alive
1 > User-Agent: Apache-HttpClient/4.5.14 (Java/17.0.11)
1 > Accept-Encoding: gzip,deflate


12:54:24.557 [main] DEBUG org.apache.http.impl.conn.PoolingHttpClientConnectionManager -- Connection request: [route: {}->http://localhost:54317][total available: 0; route allocated: 0 of 5; total allocated: 0 of 10]
12:54:24.557 [main] DEBUG org.apache.http.impl.conn.PoolingHttpClientConnectionManager -- Connection leased: [id: 27][route: {}->http://localhost:54317][total available: 0; route allocated: 1 of 5; total allocated: 1 of 10]
12:54:24.557 [main] DEBUG org.apache.http.impl.execchain.MainClientExec -- Opening connection {}->http://localhost:54317
12:54:24.557 [main] DEBUG org.apache.http.impl.conn.DefaultHttpClientConnectionOperator -- Connecting to localhost/127.0.0.1:54317
12:54:24.558 [main] DEBUG org.apache.http.impl.conn.DefaultHttpClientConnectionOperator -- Connection established 127.0.0.1:54322<->127.0.0.1:54317
12:54:24.558 [main] DEBUG org.apache.http.impl.conn.DefaultManagedHttpClientConnection -- http-outgoing-27: set socket timeout to 30000
12:54:24.558 [main] DEBUG org.apache.http.impl.execchain.MainClientExec -- Executing request GET /json HTTP/1.1
12:54:24.558 [main] DEBUG org.apache.http.impl.execchain.MainClientExec -- Target auth state: UNCHALLENGED
12:54:24.558 [main] DEBUG org.apache.http.impl.execchain.MainClientExec -- Proxy auth state: UNCHALLENGED
12:54:24.558 [main] DEBUG org.apache.http.headers -- http-outgoing-27 >> GET /json HTTP/1.1
12:54:24.558 [main] DEBUG org.apache.http.headers -- http-outgoing-27 >> Host: localhost:54317
12:54:24.558 [main] DEBUG org.apache.http.headers -- http-outgoing-27 >> Connection: Keep-Alive
12:54:24.558 [main] DEBUG org.apache.http.headers -- http-outgoing-27 >> User-Agent: Apache-HttpClient/4.5.14 (Java/17.0.11)
12:54:24.558 [main] DEBUG org.apache.http.headers -- http-outgoing-27 >> Accept-Encoding: gzip,deflate
12:54:24.558 [main] DEBUG org.apache.http.wire -- http-outgoing-27 >> "GET /json HTTP/1.1[\r][\n]"
12:54:24.558 [main] DEBUG org.apache.http.wire -- http-outgoing-27 >> "Host: localhost:54317[\r][\n]"
12:54:24.558 [main] DEBUG org.apache.http.wire -- http-outgoing-27 >> "Connection: Keep-Alive[\r][\n]"
12:54:24.558 [main] DEBUG org.apache.http.wire -- http-outgoing-27 >> "User-Agent: Apache-HttpClient/4.5.14 (Java/17.0.11)[\r][\n]"
12:54:24.558 [main] DEBUG org.apache.http.wire -- http-outgoing-27 >> "Accept-Encoding: gzip,deflate[\r][\n]"
12:54:24.558 [main] DEBUG org.apache.http.wire -- http-outgoing-27 >> "[\r][\n]"
12:54:24.573 [main] DEBUG org.apache.http.wire -- http-outgoing-27 << "HTTP/1.1 200 OK[\r][\n]"
12:54:24.573 [main] DEBUG org.apache.http.wire -- http-outgoing-27 << "Content-Security-Policy:frame-ancestors 'none'[\r][\n]"
12:54:24.573 [main] DEBUG org.apache.http.wire -- http-outgoing-27 << "Content-Length:1722[\r][\n]"
12:54:24.573 [main] DEBUG org.apache.http.wire -- http-outgoing-27 << "Content-Type:application/json; charset=UTF-8[\r][\n]"
12:54:24.573 [main] DEBUG org.apache.http.wire -- http-outgoing-27 << "[\r][\n]"
12:54:24.573 [main] DEBUG org.apache.http.wire -- http-outgoing-27 << "[ {[\r][\n]"
12:54:24.573 [main] DEBUG org.apache.http.wire -- http-outgoing-27 << "   "description": "",[\r][\n]"
12:54:24.573 [main] DEBUG org.apache.http.wire -- http-outgoing-27 << "   "devtoolsFrontendUrl": "/devtools/inspector.html?ws=localhost:54317/devtools/page/4DCA7F0173ABA26C94D7D5A187156FA3",[\r][\n]"
12:54:24.573 [main] DEBUG org.apache.http.wire -- http-outgoing-27 << "   "id": "4DCA7F0173ABA26C94D7D5A187156FA3",[\r][\n]"
12:54:24.573 [main] DEBUG org.apache.http.wire -- http-outgoing-27 << "   "title": "Google Network Speech",[\r][\n]"
12:54:24.573 [main] DEBUG org.apache.http.wire -- http-outgoing-27 << "   "type": "background_page",[\r][\n]"
12:54:24.573 [main] DEBUG org.apache.http.wire -- http-outgoing-27 << "   "url": "chrome-extension://neajdppkdcdipfabeoofebfddakdcjhd/_generated_background_page.html",[\r][\n]"
12:54:24.573 [main] DEBUG org.apache.http.wire -- http-outgoing-27 << "   "webSocketDebuggerUrl": "ws://localhost:54317/devtools/page/4DCA7F0173ABA26C94D7D5A187156FA3"[\r][\n]"
12:54:24.573 [main] DEBUG org.apache.http.wire -- http-outgoing-27 << "}, {[\r][\n]"
12:54:24.573 [main] DEBUG org.apache.http.wire -- http-outgoing-27 << "   "description": "",[\r][\n]"
12:54:24.573 [main] DEBUG org.apache.http.wire -- http-outgoing-27 << "   "devtoolsFrontendUrl": "/devtools/inspector.html?ws=localhost:54317/devtools/page/B67E678C33A1A804E348B101EEFEEDAA",[\r][\n]"
12:54:24.573 [main] DEBUG org.apache.http.wire -- http-outgoing-27 << "   "id": "B67E678C33A1A804E348B101EEFEEDAA",[\r][\n]"
12:54:24.573 [main] DEBUG org.apache.http.wire -- http-outgoing-27 << "   "title": "Google Hangouts",[\r][\n]"
12:54:24.573 [main] DEBUG org.apache.http.wire -- http-outgoing-27 << "   "type": "background_page",[\r][\n]"
12:54:24.573 [main] DEBUG org.apache.http.wire -- http-outgoing-27 << "   "url": "chrome-extension://nkeimhogjdpnpccoofpliimaahmaaome/background.html",[\r][\n]"
12:54:24.573 [main] DEBUG org.apache.http.wire -- http-outgoing-27 << "   "webSocketDebuggerUrl": "ws://localhost:54317/devtools/page/B67E678C33A1A804E348B101EEFEEDAA"[\r][\n]"
12:54:24.573 [main] DEBUG org.apache.http.wire -- http-outgoing-27 << "}, {[\r][\n]"
12:54:24.573 [main] DEBUG org.apache.http.wire -- http-outgoing-27 << "   "description": "",[\r][\n]"
12:54:24.573 [main] DEBUG org.apache.http.wire -- http-outgoing-27 << "   "devtoolsFrontendUrl": "/devtools/inspector.html?ws=localhost:54317/devtools/page/2EC591EDAAFBA4321671A7C38A40E1EF",[\r][\n]"
12:54:24.573 [main] DEBUG org.apache.http.wire -- http-outgoing-27 << "   "id": "2EC591EDAAFBA4321671A7C38A40E1EF",[\r][\n]"
12:54:24.573 [main] DEBUG org.apache.http.wire -- http-outgoing-27 << "   "title": "Google Hangouts",[\r][\n]"
12:54:24.573 [main] DEBUG org.apache.http.wire -- http-outgoing-27 << "   "type": "background_page",[\r][\n]"
12:54:24.573 [main] DEBUG org.apache.http.wire -- http-outgoing-27 << "   "url": "chrome-extension://nkeimhogjdpnpccoofpliimaahmaaome/background.html",[\r][\n]"
12:54:24.573 [main] DEBUG org.apache.http.wire -- http-outgoing-27 << "   "webSocketDebuggerUrl": "ws://localhost:54317/devtools/page/2EC591EDAAFBA4321671A7C38A40E1EF"[\r][\n]"
12:54:24.573 [main] DEBUG org.apache.http.wire -- http-outgoing-27 << "}, {[\r][\n]"
12:54:24.573 [main] DEBUG org.apache.http.wire -- http-outgoing-27 << "   "description": "",[\r][\n]"
12:54:24.573 [main] DEBUG org.apache.http.wire -- http-outgoing-27 << "   "devtoolsFrontendUrl": "/devtools/inspector.html?ws=localhost:54317/devtools/page/1F8E725DE33A7811B6E13FDA7DD8A462",[\r][\n]"
12:54:24.573 [main] DEBUG org.apache.http.wire -- http-outgoing-27 << "   "id": "1F8E725DE33A7811B6E13FDA7DD8A462",[\r][\n]"
12:54:24.573 [main] DEBUG org.apache.http.wire -- http-outgoing-27 << "   "title": "New Incognito Tab",[\r][\n]"
12:54:24.573 [main] DEBUG org.apache.http.wire -- http-outgoing-27 << "   "type": "page",[\r][\n]"
12:54:24.573 [main] DEBUG org.apache.http.wire -- http-outgoing-27 << "   "url": "chrome://newtab/",[\r][\n]"
12:54:24.573 [main] DEBUG org.apache.http.wire -- http-outgoing-27 << "   "webSocketDebuggerUrl": "ws://localhost:54317/devtools/page/1F8E725DE33A7811B6E13FDA7DD8A462"[\r][\n]"
12:54:24.573 [main] DEBUG org.apache.http.wire -- http-outgoing-27 << "} ][\r][\n]"
12:54:24.573 [main] DEBUG org.apache.http.headers -- http-outgoing-27 << HTTP/1.1 200 OK
12:54:24.573 [main] DEBUG org.apache.http.headers -- http-outgoing-27 << Content-Security-Policy:frame-ancestors 'none'
12:54:24.573 [main] DEBUG org.apache.http.headers -- http-outgoing-27 << Content-Length:1722
12:54:24.573 [main] DEBUG org.apache.http.headers -- http-outgoing-27 << Content-Type:application/json; charset=UTF-8
12:54:24.573 [main] DEBUG org.apache.http.impl.execchain.MainClientExec -- Connection can be kept alive indefinitely
12:54:24.574 [main] DEBUG org.apache.http.impl.conn.PoolingHttpClientConnectionManager -- Connection [id: 27][route: {}->http://localhost:54317] can be kept alive indefinitely
12:54:24.574 [main] DEBUG org.apache.http.impl.conn.DefaultManagedHttpClientConnection -- http-outgoing-27: set socket timeout to 0
12:54:24.574 [main] DEBUG org.apache.http.impl.conn.PoolingHttpClientConnectionManager -- Connection released: [id: 27][route: {}->http://localhost:54317][total available: 1; route allocated: 1 of 5; total allocated: 1 of 10]
12:54:24.574 [main] DEBUG org.apache.http.impl.conn.PoolingHttpClientConnectionManager -- Connection manager is shutting down
12:54:24.574 [main] DEBUG org.apache.http.impl.conn.DefaultManagedHttpClientConnection -- http-outgoing-27: Close connection
12:54:24.574 [main] DEBUG org.apache.http.impl.conn.PoolingHttpClientConnectionManager -- Connection manager shut down
12:54:24.574 [main] DEBUG com.intuit.karate -- response time in milliseconds: 17
1 < 200
1 < Content-Security-Policy: frame-ancestors 'none'
1 < Content-Length: 1722
1 < Content-Type: application/json; charset=UTF-8
[ {
   "description": "",
   "devtoolsFrontendUrl": "/devtools/inspector.html?ws=localhost:54317/devtools/page/4DCA7F0173ABA26C94D7D5A187156FA3",
   "id": "4DCA7F0173ABA26C94D7D5A187156FA3",
   "title": "Google Network Speech",
   "type": "background_page",
   "url": "chrome-extension://neajdppkdcdipfabeoofebfddakdcjhd/_generated_background_page.html",
   "webSocketDebuggerUrl": "ws://localhost:54317/devtools/page/4DCA7F0173ABA26C94D7D5A187156FA3"
}, {
   "description": "",
   "devtoolsFrontendUrl": "/devtools/inspector.html?ws=localhost:54317/devtools/page/B67E678C33A1A804E348B101EEFEEDAA",
   "id": "B67E678C33A1A804E348B101EEFEEDAA",
   "title": "Google Hangouts",
   "type": "background_page",
   "url": "chrome-extension://nkeimhogjdpnpccoofpliimaahmaaome/background.html",
   "webSocketDebuggerUrl": "ws://localhost:54317/devtools/page/B67E678C33A1A804E348B101EEFEEDAA"
}, {
   "description": "",
   "devtoolsFrontendUrl": "/devtools/inspector.html?ws=localhost:54317/devtools/page/2EC591EDAAFBA4321671A7C38A40E1EF",
   "id": "2EC591EDAAFBA4321671A7C38A40E1EF",
   "title": "Google Hangouts",
   "type": "background_page",
   "url": "chrome-extension://nkeimhogjdpnpccoofpliimaahmaaome/background.html",
   "webSocketDebuggerUrl": "ws://localhost:54317/devtools/page/2EC591EDAAFBA4321671A7C38A40E1EF"
}, {
   "description": "",
   "devtoolsFrontendUrl": "/devtools/inspector.html?ws=localhost:54317/devtools/page/1F8E725DE33A7811B6E13FDA7DD8A462",
   "id": "1F8E725DE33A7811B6E13FDA7DD8A462",
   "title": "New Incognito Tab",
   "type": "page",
   "url": "chrome://newtab/",
   "webSocketDebuggerUrl": "ws://localhost:54317/devtools/page/1F8E725DE33A7811B6E13FDA7DD8A462"
} ]


12:54:24.575 [main] DEBUG com.jayway.jsonpath.internal.path.CompiledPath -- Evaluating path: $
12:54:24.575 [main] DEBUG com.jayway.jsonpath.internal.path.CompiledPath -- Evaluating path: $
12:54:24.575 [main] DEBUG com.intuit.karate.driver.chrome_1718781863995 -- root frame id: 1F8E725DE33A7811B6E13FDA7DD8A462
12:54:24.645 [nioEventLoopGroup-15-1] DEBUG io.netty.handler.codec.http.websocketx.WebSocketClientHandshaker13 -- WebSocket version 13 client handshake key: M9nNsGQIaickVJrOgly1EQ==, expected response: 2yFi7j8w78zghOxGwvmjCJVC1MU=
12:54:24.649 [nioEventLoopGroup-15-1] DEBUG com.intuit.karate.http.WebSocketClientHandler -- websocket client connected
12:54:24.649 [main] DEBUG com.jayway.jsonpath.internal.path.CompiledPath -- Evaluating path: $['targetId']
12:54:24.649 [main] DEBUG com.jayway.jsonpath.internal.path.CompiledPath -- Evaluating path: $
12:54:24.649 [main] DEBUG com.jayway.jsonpath.internal.path.CompiledPath -- Evaluating path: $
12:54:24.649 [main] DEBUG com.jayway.jsonpath.internal.JsonContext -- Put path $ key targetId value {}
12:54:24.649 [main] DEBUG com.jayway.jsonpath.internal.path.CompiledPath -- Evaluating path: $
12:54:24.649 [main] DEBUG com.jayway.jsonpath.internal.JsonContext -- Put path $ key targetId value 1F8E725DE33A7811B6E13FDA7DD8A462
12:54:24.649 [main] DEBUG com.jayway.jsonpath.internal.path.CompiledPath -- Evaluating path: $['flatten']
12:54:24.649 [main] DEBUG com.jayway.jsonpath.internal.path.CompiledPath -- Evaluating path: $
12:54:24.649 [main] DEBUG com.jayway.jsonpath.internal.path.CompiledPath -- Evaluating path: $
12:54:24.649 [main] DEBUG com.jayway.jsonpath.internal.JsonContext -- Put path $ key flatten value {}
12:54:24.649 [main] DEBUG com.jayway.jsonpath.internal.path.CompiledPath -- Evaluating path: $
12:54:24.649 [main] DEBUG com.jayway.jsonpath.internal.JsonContext -- Put path $ key flatten value true
12:54:24.649 [main] DEBUG com.jayway.jsonpath.internal.path.CompiledPath -- Evaluating path: $
12:54:24.649 [main] DEBUG com.intuit.karate.driver.chrome_1718781863995 -- >> {"id":1,"method":"Target.attachToTarget","params":{"targetId":"1F8E725DE33A7811B6E13FDA7DD8A462","flatten":true}}
12:54:24.652 [nioEventLoopGroup-15-1] DEBUG com.intuit.karate.driver.chrome_1718781863995 -- << {"method":"Target.attachedToTarget","params":{"sessionId":"EE1621CCDA1EE4FD28EC2BCD46011587","targetInfo":{"targetId":"1F8E725DE33A7811B6E13FDA7DD8A462","type":"page","title":"New Incognito Tab","url":"chrome://newtab/","attached":true,"canAccessOpener":false,"browserContextId":"E121D443DA648CBF38628A13B1415A10"},"waitingForDebugger":false}}
12:54:24.652 [nioEventLoopGroup-15-1] DEBUG com.jayway.jsonpath.internal.path.CompiledPath -- Evaluating path: $
12:54:24.652 [nioEventLoopGroup-15-1] DEBUG com.jayway.jsonpath.internal.path.CompiledPath -- Evaluating path: $['targetInfo']['type']
12:54:24.652 [nioEventLoopGroup-15-1] DEBUG com.intuit.karate.driver.chrome_1718781863995 -- << {"id":1,"result":{"sessionId":"EE1621CCDA1EE4FD28EC2BCD46011587"}}
12:54:24.652 [nioEventLoopGroup-15-1] DEBUG com.jayway.jsonpath.internal.path.CompiledPath -- Evaluating path: $
12:54:24.652 [main] DEBUG com.jayway.jsonpath.internal.path.CompiledPath -- Evaluating path: $['sessionId']
12:54:24.652 [main] DEBUG com.jayway.jsonpath.internal.path.CompiledPath -- Evaluating path: $['targetId']
12:54:24.652 [main] DEBUG com.jayway.jsonpath.internal.path.CompiledPath -- Evaluating path: $
12:54:24.652 [main] DEBUG com.jayway.jsonpath.internal.path.CompiledPath -- Evaluating path: $
12:54:24.652 [main] DEBUG com.jayway.jsonpath.internal.JsonContext -- Put path $ key targetId value {}
12:54:24.652 [main] DEBUG com.jayway.jsonpath.internal.path.CompiledPath -- Evaluating path: $
12:54:24.652 [main] DEBUG com.jayway.jsonpath.internal.JsonContext -- Put path $ key targetId value 1F8E725DE33A7811B6E13FDA7DD8A462
12:54:24.652 [main] DEBUG com.jayway.jsonpath.internal.path.CompiledPath -- Evaluating path: $
12:54:24.652 [main] DEBUG com.intuit.karate.driver.chrome_1718781863995 -- >> {"id":2,"sessionId":"EE1621CCDA1EE4FD28EC2BCD46011587","method":"Target.activateTarget","params":{"targetId":"1F8E725DE33A7811B6E13FDA7DD8A462"}}
12:54:24.654 [nioEventLoopGroup-15-1] DEBUG com.intuit.karate.driver.chrome_1718781863995 -- << {"id":2,"result":{},"sessionId":"EE1621CCDA1EE4FD28EC2BCD46011587"}
12:54:24.654 [nioEventLoopGroup-15-1] DEBUG com.jayway.jsonpath.internal.path.CompiledPath -- Evaluating path: $
12:54:24.654 [main] DEBUG com.jayway.jsonpath.internal.path.CompiledPath -- Evaluating path: $['discover']
12:54:24.654 [main] DEBUG com.jayway.jsonpath.internal.path.CompiledPath -- Evaluating path: $
12:54:24.654 [main] DEBUG com.jayway.jsonpath.internal.path.CompiledPath -- Evaluating path: $
12:54:24.654 [main] DEBUG com.jayway.jsonpath.internal.JsonContext -- Put path $ key discover value {}
12:54:24.654 [main] DEBUG com.jayway.jsonpath.internal.path.CompiledPath -- Evaluating path: $
12:54:24.654 [main] DEBUG com.jayway.jsonpath.internal.JsonContext -- Put path $ key discover value true
12:54:24.654 [main] DEBUG com.jayway.jsonpath.internal.path.CompiledPath -- Evaluating path: $
12:54:24.654 [main] DEBUG com.intuit.karate.driver.chrome_1718781863995 -- >> {"id":3,"sessionId":"EE1621CCDA1EE4FD28EC2BCD46011587","method":"Target.setDiscoverTargets","params":{"discover":true}}
12:54:24.656 [nioEventLoopGroup-15-1] DEBUG com.intuit.karate.driver.chrome_1718781863995 -- << {"method":"Target.targetCreated","params":{"targetInfo":{"targetId":"1F8E725DE33A7811B6E13FDA7DD8A462","type":"page","title":"New Incognito Tab","url":"chrome://newtab/","attached":true,"canAccessOpener":false,"browserContextId":"E121D443DA648CBF38628A13B1415A10"}},"sessionId":"EE1621CCDA1EE4FD28EC2BCD46011587"}
12:54:24.656 [nioEventLoopGroup-15-1] DEBUG com.jayway.jsonpath.internal.path.CompiledPath -- Evaluating path: $
12:54:24.656 [nioEventLoopGroup-15-1] DEBUG com.intuit.karate.driver.chrome_1718781863995 -- << {"method":"Target.targetCreated","params":{"targetInfo":{"targetId":"2EC591EDAAFBA4321671A7C38A40E1EF","type":"background_page","title":"Google Hangouts","url":"chrome-extension://nkeimhogjdpnpccoofpliimaahmaaome/background.html","attached":false,"canAccessOpener":false,"browserContextId":"0E18C05461B5F23808D4443CE20F21E6"}},"sessionId":"EE1621CCDA1EE4FD28EC2BCD46011587"}
12:54:24.656 [nioEventLoopGroup-15-1] DEBUG com.jayway.jsonpath.internal.path.CompiledPath -- Evaluating path: $
12:54:24.656 [nioEventLoopGroup-15-1] DEBUG com.intuit.karate.driver.chrome_1718781863995 -- << {"method":"Target.targetCreated","params":{"targetInfo":{"targetId":"4DCA7F0173ABA26C94D7D5A187156FA3","type":"background_page","title":"Google Network Speech","url":"chrome-extension://neajdppkdcdipfabeoofebfddakdcjhd/_generated_background_page.html","attached":false,"canAccessOpener":false,"browserContextId":"0E18C05461B5F23808D4443CE20F21E6"}},"sessionId":"EE1621CCDA1EE4FD28EC2BCD46011587"}
12:54:24.656 [nioEventLoopGroup-15-1] DEBUG com.jayway.jsonpath.internal.path.CompiledPath -- Evaluating path: $
12:54:24.656 [nioEventLoopGroup-15-1] DEBUG com.intuit.karate.driver.chrome_1718781863995 -- << {"method":"Target.targetCreated","params":{"targetInfo":{"targetId":"B67E678C33A1A804E348B101EEFEEDAA","type":"background_page","title":"Google Hangouts","url":"chrome-extension://nkeimhogjdpnpccoofpliimaahmaaome/background.html","attached":false,"canAccessOpener":false,"browserContextId":"E121D443DA648CBF38628A13B1415A10"}},"sessionId":"EE1621CCDA1EE4FD28EC2BCD46011587"}
12:54:24.656 [nioEventLoopGroup-15-1] DEBUG com.jayway.jsonpath.internal.path.CompiledPath -- Evaluating path: $
12:54:24.656 [nioEventLoopGroup-15-1] DEBUG com.intuit.karate.driver.chrome_1718781863995 -- << {"id":3,"result":{},"sessionId":"EE1621CCDA1EE4FD28EC2BCD46011587"}
12:54:24.656 [nioEventLoopGroup-15-1] DEBUG com.jayway.jsonpath.internal.path.CompiledPath -- Evaluating path: $
12:54:24.656 [main] DEBUG com.intuit.karate.driver.chrome_1718781863995 -- >> {"id":4,"sessionId":"EE1621CCDA1EE4FD28EC2BCD46011587","method":"Page.enable"}
12:54:24.659 [nioEventLoopGroup-15-1] DEBUG com.intuit.karate.driver.chrome_1718781863995 -- << {"id":4,"result":{},"sessionId":"EE1621CCDA1EE4FD28EC2BCD46011587"}
12:54:24.659 [nioEventLoopGroup-15-1] DEBUG com.jayway.jsonpath.internal.path.CompiledPath -- Evaluating path: $
12:54:24.659 [main] DEBUG com.intuit.karate.driver.chrome_1718781863995 -- >> {"id":5,"sessionId":"EE1621CCDA1EE4FD28EC2BCD46011587","method":"Runtime.enable"}
12:54:24.661 [nioEventLoopGroup-15-1] DEBUG com.intuit.karate.driver.chrome_1718781863995 -- << {"method":"Runtime.executionContextCreated","params":{"context":{"id":1,"origin":"chrome://newtab","name":"","uniqueId":"-3610364853670349230.-2379309561889822557","auxData":{"isDefault":true,"type":"default","frameId":"1F8E725DE33A7811B6E13FDA7DD8A462"}}},"sessionId":"EE1621CCDA1EE4FD28EC2BCD46011587"}
12:54:24.661 [nioEventLoopGroup-15-1] DEBUG com.jayway.jsonpath.internal.path.CompiledPath -- Evaluating path: $
12:54:24.661 [nioEventLoopGroup-15-1] DEBUG com.jayway.jsonpath.internal.path.CompiledPath -- Evaluating path: $['context']['auxData']['frameId']
12:54:24.661 [nioEventLoopGroup-15-1] DEBUG com.jayway.jsonpath.internal.path.CompiledPath -- Evaluating path: $['context']['id']
12:54:24.661 [nioEventLoopGroup-15-1] DEBUG com.intuit.karate.driver.chrome_1718781863995 -- << {"id":5,"result":{},"sessionId":"EE1621CCDA1EE4FD28EC2BCD46011587"}
12:54:24.661 [nioEventLoopGroup-15-1] DEBUG com.jayway.jsonpath.internal.path.CompiledPath -- Evaluating path: $
12:54:24.661 [main] DEBUG com.jayway.jsonpath.internal.path.CompiledPath -- Evaluating path: $['targetId']
12:54:24.661 [main] DEBUG com.jayway.jsonpath.internal.path.CompiledPath -- Evaluating path: $
12:54:24.661 [main] DEBUG com.jayway.jsonpath.internal.path.CompiledPath -- Evaluating path: $
12:54:24.661 [main] DEBUG com.jayway.jsonpath.internal.JsonContext -- Put path $ key targetId value {}
12:54:24.661 [main] DEBUG com.jayway.jsonpath.internal.path.CompiledPath -- Evaluating path: $
12:54:24.661 [main] DEBUG com.jayway.jsonpath.internal.JsonContext -- Put path $ key targetId value 1F8E725DE33A7811B6E13FDA7DD8A462
12:54:24.661 [main] DEBUG com.jayway.jsonpath.internal.path.CompiledPath -- Evaluating path: $
12:54:24.661 [main] DEBUG com.intuit.karate.driver.chrome_1718781863995 -- >> {"id":6,"sessionId":"EE1621CCDA1EE4FD28EC2BCD46011587","method":"Browser.getWindowForTarget","params":{"targetId":"1F8E725DE33A7811B6E13FDA7DD8A462"}}
12:54:24.662 [nioEventLoopGroup-15-1] DEBUG com.intuit.karate.driver.chrome_1718781863995 -- << {"id":6,"result":{"windowId":362466628,"bounds":{"left":10,"top":10,"width":1050,"height":652,"windowState":"normal"}},"sessionId":"EE1621CCDA1EE4FD28EC2BCD46011587"}
12:54:24.662 [nioEventLoopGroup-15-1] DEBUG com.jayway.jsonpath.internal.path.CompiledPath -- Evaluating path: $
12:54:24.675 [nioEventLoopGroup-15-1] DEBUG com.intuit.karate.driver.chrome_1718781863995 -- << {"method":"Target.targetInfoChanged","params":{"targetInfo":{"targetId":"2EC591EDAAFBA4321671A7C38A40E1EF","type":"background_page","title":"Google Hangouts","url":"chrome-extension://nkeimhogjdpnpccoofpliimaahmaaome/background.html","attached":false,"canAccessOpener":false,"browserContextId":"0E18C05461B5F23808D4443CE20F21E6"}},"sessionId":"EE1621CCDA1EE4FD28EC2BCD46011587"}
12:54:24.676 [nioEventLoopGroup-15-1] DEBUG com.jayway.jsonpath.internal.path.CompiledPath -- Evaluating path: $
12:54:24.676 [nioEventLoopGroup-15-1] DEBUG com.jayway.jsonpath.internal.path.CompiledPath -- Evaluating path: $['targetInfo']['targetId']
12:54:24.688 [main] DEBUG com.jayway.jsonpath.internal.path.CompiledPath -- Evaluating path: $['url']
12:54:24.688 [main] DEBUG com.jayway.jsonpath.internal.path.CompiledPath -- Evaluating path: $
12:54:24.688 [main] DEBUG com.jayway.jsonpath.internal.path.CompiledPath -- Evaluating path: $
12:54:24.688 [main] DEBUG com.jayway.jsonpath.internal.JsonContext -- Put path $ key url value {}
12:54:24.688 [main] DEBUG com.jayway.jsonpath.internal.path.CompiledPath -- Evaluating path: $
12:54:24.688 [main] DEBUG com.jayway.jsonpath.internal.JsonContext -- Put path $ key url value https://www.saucedemo.com/
12:54:24.688 [main] DEBUG com.jayway.jsonpath.internal.path.CompiledPath -- Evaluating path: $
12:54:24.689 [main] DEBUG com.intuit.karate.driver.chrome_1718781863995 -- >> {"id":7,"sessionId":"EE1621CCDA1EE4FD28EC2BCD46011587","method":"Page.navigate","params":{"url":"https:\/\/www.saucedemo.com\/"}}
12:54:24.694 [nioEventLoopGroup-15-1] DEBUG com.intuit.karate.driver.chrome_1718781863995 -- << {"method":"Page.frameStartedLoading","params":{"frameId":"1F8E725DE33A7811B6E13FDA7DD8A462"},"sessionId":"EE1621CCDA1EE4FD28EC2BCD46011587"}
12:54:24.694 [nioEventLoopGroup-15-1] DEBUG com.jayway.jsonpath.internal.path.CompiledPath -- Evaluating path: $
12:54:24.694 [nioEventLoopGroup-15-1] DEBUG com.jayway.jsonpath.internal.path.CompiledPath -- Evaluating path: $['frameId']
12:54:24.708 [nioEventLoopGroup-15-1] DEBUG com.intuit.karate.driver.chrome_1718781863995 -- << {"method":"Target.targetInfoChanged","params":{"targetInfo":{"targetId":"B67E678C33A1A804E348B101EEFEEDAA","type":"background_page","title":"Google Hangouts","url":"chrome-extension://nkeimhogjdpnpccoofpliimaahmaaome/background.html","attached":false,"canAccessOpener":false,"browserContextId":"E121D443DA648CBF38628A13B1415A10"}},"sessionId":"EE1621CCDA1EE4FD28EC2BCD46011587"}
12:54:24.708 [nioEventLoopGroup-15-1] DEBUG com.jayway.jsonpath.internal.path.CompiledPath -- Evaluating path: $
12:54:24.709 [nioEventLoopGroup-15-1] DEBUG com.jayway.jsonpath.internal.path.CompiledPath -- Evaluating path: $['targetInfo']['targetId']
12:54:24.720 [nioEventLoopGroup-14-1] DEBUG io.netty.buffer.PoolThreadCache -- Freed 37 thread-local buffer(s) from thread: nioEventLoopGroup-14-1
12:54:24.787 [nioEventLoopGroup-15-1] DEBUG com.intuit.karate.driver.chrome_1718781863995 -- << {"method":"Target.targetInfoChanged","params":{"targetInfo":{"targetId":"4DCA7F0173ABA26C94D7D5A187156FA3","type":"background_page","title":"Google Network Speech","url":"chrome-extension://neajdppkdcdipfabeoofebfddakdcjhd/_generated_background_page.html","attached":false,"canAccessOpener":false,"browserContextId":"0E18C05461B5F23808D4443CE20F21E6"}},"sessionId":"EE1621CCDA1EE4FD28EC2BCD46011587"}
12:54:24.787 [nioEventLoopGroup-15-1] DEBUG com.jayway.jsonpath.internal.path.CompiledPath -- Evaluating path: $
12:54:24.787 [nioEventLoopGroup-15-1] DEBUG com.jayway.jsonpath.internal.path.CompiledPath -- Evaluating path: $['targetInfo']['targetId']
12:54:24.884 [nioEventLoopGroup-15-1] DEBUG com.intuit.karate.driver.chrome_1718781863995 -- << {"id":7,"result":{"frameId":"1F8E725DE33A7811B6E13FDA7DD8A462","loaderId":"E3BEC27DB30F878C54E6A62472866B10"},"sessionId":"EE1621CCDA1EE4FD28EC2BCD46011587"}
12:54:24.884 [nioEventLoopGroup-15-1] DEBUG com.jayway.jsonpath.internal.path.CompiledPath -- Evaluating path: $
12:54:24.890 [nioEventLoopGroup-15-1] DEBUG com.intuit.karate.driver.chrome_1718781863995 -- << {"method":"Runtime.executionContextsCleared","params":{},"sessionId":"EE1621CCDA1EE4FD28EC2BCD46011587"}
12:54:24.890 [nioEventLoopGroup-15-1] DEBUG com.jayway.jsonpath.internal.path.CompiledPath -- Evaluating path: $
12:54:24.900 [nioEventLoopGroup-15-1] DEBUG com.intuit.karate.driver.chrome_1718781863995 -- << {"method":"Target.targetInfoChanged","params":{"targetInfo":{"targetId":"1F8E725DE33A7811B6E13FDA7DD8A462","type":"page","title":"saucedemo.com","url":"https://www.saucedemo.com/","attached":true,"canAccessOpener":false,"browserContextId":"E121D443DA648CBF38628A13B1415A10"}},"sessionId":"EE1621CCDA1EE4FD28EC2BCD46011587"}
12:54:24.901 [nioEventLoopGroup-15-1] DEBUG com.jayway.jsonpath.internal.path.CompiledPath -- Evaluating path: $
12:54:24.901 [nioEventLoopGroup-15-1] DEBUG com.jayway.jsonpath.internal.path.CompiledPath -- Evaluating path: $['targetInfo']['targetId']
12:54:24.903 [nioEventLoopGroup-15-1] DEBUG com.intuit.karate.driver.chrome_1718781863995 -- << {"method":"Runtime.executionContextsCleared","params":{},"sessionId":"EE1621CCDA1EE4FD28EC2BCD46011587"}
12:54:24.903 [nioEventLoopGroup-15-1] DEBUG com.jayway.jsonpath.internal.path.CompiledPath -- Evaluating path: $
12:54:24.904 [nioEventLoopGroup-15-1] DEBUG com.intuit.karate.driver.chrome_1718781863995 -- << {"method":"Page.frameNavigated","params":{"frame":{"id":"1F8E725DE33A7811B6E13FDA7DD8A462","loaderId":"E3BEC27DB30F878C54E6A62472866B10","url":"https://www.saucedemo.com/","domainAndRegistry":"saucedemo.com","securityOrigin":"https://www.saucedemo.com","mimeType":"text/html","adFrameStatus":{"adFrameType":"none"},"secureContextType":"Secure","crossOriginIsolatedContextType":"NotIsolated","gatedAPIFeatures":[]},"type":"Navigation"},"sessionId":"EE1621CCDA1EE4FD28EC2BCD46011587"}
12:54:24.904 [nioEventLoopGroup-15-1] DEBUG com.jayway.jsonpath.internal.path.CompiledPath -- Evaluating path: $
12:54:24.904 [nioEventLoopGroup-15-1] DEBUG com.jayway.jsonpath.internal.path.CompiledPath -- Evaluating path: $['frame']['id']
12:54:24.904 [nioEventLoopGroup-15-1] DEBUG com.jayway.jsonpath.internal.path.CompiledPath -- Evaluating path: $['frame']['url']
12:54:24.904 [nioEventLoopGroup-15-1] DEBUG com.jayway.jsonpath.internal.path.CompiledPath -- Evaluating path: $['frame']['name']
12:54:24.904 [nioEventLoopGroup-15-1] DEBUG com.intuit.karate.driver.chrome_1718781863995 -- << {"method":"Runtime.executionContextCreated","params":{"context":{"id":1,"origin":"https://www.saucedemo.com","name":"","uniqueId":"2522445696647031204.1453306840415940200","auxData":{"isDefault":true,"type":"default","frameId":"1F8E725DE33A7811B6E13FDA7DD8A462"}}},"sessionId":"EE1621CCDA1EE4FD28EC2BCD46011587"}
12:54:24.904 [nioEventLoopGroup-15-1] DEBUG com.jayway.jsonpath.internal.path.CompiledPath -- Evaluating path: $
12:54:24.904 [nioEventLoopGroup-15-1] DEBUG com.jayway.jsonpath.internal.path.CompiledPath -- Evaluating path: $['context']['auxData']['frameId']
12:54:24.904 [nioEventLoopGroup-15-1] DEBUG com.jayway.jsonpath.internal.path.CompiledPath -- Evaluating path: $['context']['id']
12:54:25.190 [nioEventLoopGroup-15-1] DEBUG com.intuit.karate.driver.chrome_1718781863995 -- << {"method":"Page.domContentEventFired","params":{"timestamp":52943.701973},"sessionId":"EE1621CCDA1EE4FD28EC2BCD46011587"}
12:54:25.190 [nioEventLoopGroup-15-1] DEBUG com.jayway.jsonpath.internal.path.CompiledPath -- Evaluating path: $
12:54:25.342 [nioEventLoopGroup-15-1] DEBUG com.intuit.karate.driver.chrome_1718781863995 -- << {"method":"Target.targetCreated","params":{"targetInfo":{"targetId":"CAF0EB18FECCF3F7992181A20691A641","type":"service_worker","title":"Service Worker https://www.saucedemo.com/service-worker.js","url":"https://www.saucedemo.com/service-worker.js","attached":false,"canAccessOpener":false,"browserContextId":"E121D443DA648CBF38628A13B1415A10"}},"sessionId":"EE1621CCDA1EE4FD28EC2BCD46011587"}
12:54:25.342 [nioEventLoopGroup-15-1] DEBUG com.jayway.jsonpath.internal.path.CompiledPath -- Evaluating path: $
12:54:25.345 [nioEventLoopGroup-15-1] DEBUG com.intuit.karate.driver.chrome_1718781863995 -- << {"method":"Page.loadEventFired","params":{"timestamp":52943.853127},"sessionId":"EE1621CCDA1EE4FD28EC2BCD46011587"}
12:54:25.345 [nioEventLoopGroup-15-1] DEBUG com.jayway.jsonpath.internal.path.CompiledPath -- Evaluating path: $
12:54:25.345 [nioEventLoopGroup-15-1] DEBUG com.intuit.karate.driver.chrome_1718781863995 -- << {"method":"Page.frameStoppedLoading","params":{"frameId":"1F8E725DE33A7811B6E13FDA7DD8A462"},"sessionId":"EE1621CCDA1EE4FD28EC2BCD46011587"}
12:54:25.345 [nioEventLoopGroup-15-1] DEBUG com.jayway.jsonpath.internal.path.CompiledPath -- Evaluating path: $
12:54:25.345 [nioEventLoopGroup-15-1] DEBUG com.jayway.jsonpath.internal.path.CompiledPath -- Evaluating path: $['frameId']
12:54:25.623 [nioEventLoopGroup-15-1] DEBUG com.intuit.karate.driver.chrome_1718781863995 -- << {"method":"Runtime.consoleAPICalled","params":{"type":"log","args":[{"type":"string","value":"Content is cached for offline use."}],"executionContextId":1,"timestamp":1.718781865622362e+12,"stackTrace":{"callFrames":[{"functionName":"console.<computed>","scriptId":"6","url":"https://www.saucedemo.com/static/js/2.c39c1971.chunk.js","lineNumber":1,"columnNumber":117866},{"functionName":"a.onstatechange","scriptId":"7","url":"https://www.saucedemo.com/static/js/main.9e1f7694.chunk.js","lineNumber":0,"columnNumber":58432}]}},"sessionId":"EE1621CCDA1EE4FD28EC2BCD46011587"}
12:54:25.623 [nioEventLoopGroup-15-1] DEBUG com.jayway.jsonpath.internal.path.CompiledPath -- Evaluating path: $
12:54:25.623 [nioEventLoopGroup-15-1] DEBUG com.jayway.jsonpath.internal.path.CompiledPath -- Evaluating path: $['args'][*]['value']
12:54:25.624 [nioEventLoopGroup-15-1] DEBUG com.intuit.karate.driver.chrome_1718781863995 -- [console] Content is cached for offline use.
12:54:27.217 [main] INFO com.intuit.karate.core.FeatureRuntime -- classpath:UI_Automation_Project/login/Reusable.feature - call by tag at line 9: LogInSauceLabs
12:54:27.236 [main] DEBUG com.jayway.jsonpath.internal.path.CompiledPath -- Evaluating path: $
12:54:27.237 [main] DEBUG com.jayway.jsonpath.internal.path.CompiledPath -- Evaluating path: $
12:54:27.239 [main] DEBUG com.jayway.jsonpath.internal.path.CompiledPath -- Evaluating path: $['windowId']
12:54:27.240 [main] DEBUG com.jayway.jsonpath.internal.path.CompiledPath -- Evaluating path: $
12:54:27.240 [main] DEBUG com.jayway.jsonpath.internal.path.CompiledPath -- Evaluating path: $
12:54:27.240 [main] DEBUG com.jayway.jsonpath.internal.JsonContext -- Put path $ key windowId value {}
12:54:27.240 [main] DEBUG com.jayway.jsonpath.internal.path.CompiledPath -- Evaluating path: $
12:54:27.240 [main] DEBUG com.jayway.jsonpath.internal.JsonContext -- Put path $ key windowId value 362466628
12:54:27.240 [main] DEBUG com.jayway.jsonpath.internal.path.CompiledPath -- Evaluating path: $['bounds']
12:54:27.240 [main] DEBUG com.jayway.jsonpath.internal.path.CompiledPath -- Evaluating path: $
12:54:27.240 [main] DEBUG com.jayway.jsonpath.internal.path.CompiledPath -- Evaluating path: $
12:54:27.240 [main] DEBUG com.jayway.jsonpath.internal.JsonContext -- Put path $ key bounds value {}
12:54:27.240 [main] DEBUG com.jayway.jsonpath.internal.path.CompiledPath -- Evaluating path: $
12:54:27.240 [main] DEBUG com.jayway.jsonpath.internal.JsonContext -- Put path $ key bounds value {windowState=maximized}
12:54:27.240 [main] DEBUG com.jayway.jsonpath.internal.path.CompiledPath -- Evaluating path: $
12:54:27.240 [main] DEBUG com.intuit.karate.driver.chrome_1718781863995 -- >> {"id":8,"sessionId":"EE1621CCDA1EE4FD28EC2BCD46011587","method":"Browser.setWindowBounds","params":{"windowId":362466628,"bounds":{"windowState":"maximized"}}}
12:54:27.247 [nioEventLoopGroup-15-1] DEBUG com.intuit.karate.driver.chrome_1718781863995 -- << {"id":8,"result":{},"sessionId":"EE1621CCDA1EE4FD28EC2BCD46011587"}
12:54:27.247 [nioEventLoopGroup-15-1] DEBUG com.jayway.jsonpath.internal.path.CompiledPath -- Evaluating path: $
12:54:27.252 [nioEventLoopGroup-15-1] DEBUG com.intuit.karate.driver.chrome_1718781863995 -- << {"method":"Page.frameResized","params":{},"sessionId":"EE1621CCDA1EE4FD28EC2BCD46011587"}
12:54:27.252 [nioEventLoopGroup-15-1] DEBUG com.jayway.jsonpath.internal.path.CompiledPath -- Evaluating path: $
12:54:27.253 [nioEventLoopGroup-15-1] DEBUG com.intuit.karate.driver.chrome_1718781863995 -- << {"method":"Page.frameResized","params":{},"sessionId":"EE1621CCDA1EE4FD28EC2BCD46011587"}
12:54:27.253 [nioEventLoopGroup-15-1] DEBUG com.jayway.jsonpath.internal.path.CompiledPath -- Evaluating path: $
12:54:27.254 [main] DEBUG com.jayway.jsonpath.internal.path.CompiledPath -- Evaluating path: $['expression']
12:54:27.254 [main] DEBUG com.jayway.jsonpath.internal.path.CompiledPath -- Evaluating path: $
12:54:27.254 [main] DEBUG com.jayway.jsonpath.internal.path.CompiledPath -- Evaluating path: $
12:54:27.254 [main] DEBUG com.jayway.jsonpath.internal.JsonContext -- Put path $ key expression value {}
12:54:27.254 [main] DEBUG com.jayway.jsonpath.internal.path.CompiledPath -- Evaluating path: $
12:54:27.254 [main] DEBUG com.jayway.jsonpath.internal.JsonContext -- Put path $ key expression value document.location.href
12:54:27.254 [main] DEBUG com.jayway.jsonpath.internal.path.CompiledPath -- Evaluating path: $['returnByValue']
12:54:27.254 [main] DEBUG com.jayway.jsonpath.internal.path.CompiledPath -- Evaluating path: $
12:54:27.254 [main] DEBUG com.jayway.jsonpath.internal.path.CompiledPath -- Evaluating path: $
12:54:27.254 [main] DEBUG com.jayway.jsonpath.internal.JsonContext -- Put path $ key returnByValue value {}
12:54:27.254 [main] DEBUG com.jayway.jsonpath.internal.path.CompiledPath -- Evaluating path: $
12:54:27.254 [main] DEBUG com.jayway.jsonpath.internal.JsonContext -- Put path $ key returnByValue value true
12:54:27.254 [main] DEBUG com.jayway.jsonpath.internal.path.CompiledPath -- Evaluating path: $
12:54:27.254 [main] DEBUG com.intuit.karate.driver.chrome_1718781863995 -- >> {"id":9,"sessionId":"EE1621CCDA1EE4FD28EC2BCD46011587","method":"Runtime.evaluate","params":{"expression":"document.location.href","returnByValue":true}}
12:54:27.255 [nioEventLoopGroup-15-1] DEBUG com.intuit.karate.driver.chrome_1718781863995 -- << {"id":9,"result":{"result":{"type":"string","value":"https://www.saucedemo.com/"}},"sessionId":"EE1621CCDA1EE4FD28EC2BCD46011587"}
12:54:27.255 [nioEventLoopGroup-15-1] DEBUG com.jayway.jsonpath.internal.path.CompiledPath -- Evaluating path: $
12:54:27.258 [main] DEBUG com.jayway.jsonpath.internal.path.CompiledPath -- Evaluating path: $['expression']
12:54:27.258 [main] DEBUG com.jayway.jsonpath.internal.path.CompiledPath -- Evaluating path: $
12:54:27.258 [main] DEBUG com.jayway.jsonpath.internal.path.CompiledPath -- Evaluating path: $
12:54:27.258 [main] DEBUG com.jayway.jsonpath.internal.JsonContext -- Put path $ key expression value {}
12:54:27.258 [main] DEBUG com.jayway.jsonpath.internal.path.CompiledPath -- Evaluating path: $
12:54:27.258 [main] DEBUG com.jayway.jsonpath.internal.JsonContext -- Put path $ key expression value (document.evaluate("//*[@id='user-name']", document, null, 9, null).singleNodeValue != null)
12:54:27.258 [main] DEBUG com.jayway.jsonpath.internal.path.CompiledPath -- Evaluating path: $['returnByValue']
12:54:27.258 [main] DEBUG com.jayway.jsonpath.internal.path.CompiledPath -- Evaluating path: $
12:54:27.258 [main] DEBUG com.jayway.jsonpath.internal.path.CompiledPath -- Evaluating path: $
12:54:27.258 [main] DEBUG com.jayway.jsonpath.internal.JsonContext -- Put path $ key returnByValue value {}
12:54:27.258 [main] DEBUG com.jayway.jsonpath.internal.path.CompiledPath -- Evaluating path: $
12:54:27.258 [main] DEBUG com.jayway.jsonpath.internal.JsonContext -- Put path $ key returnByValue value true
12:54:27.258 [main] DEBUG com.jayway.jsonpath.internal.path.CompiledPath -- Evaluating path: $
12:54:27.258 [main] DEBUG com.intuit.karate.driver.chrome_1718781863995 -- >> {"id":10,"sessionId":"EE1621CCDA1EE4FD28EC2BCD46011587","method":"Runtime.evaluate","params":{"expression":"(document.evaluate(\"\/\/*[@id='user-name']\", document, null, 9, null).singleNodeValue != null)","returnByValue":true}}
12:54:27.260 [nioEventLoopGroup-15-1] DEBUG com.intuit.karate.driver.chrome_1718781863995 -- << {"id":10,"result":{"result":{"type":"boolean","value":true}},"sessionId":"EE1621CCDA1EE4FD28EC2BCD46011587"}
12:54:27.260 [nioEventLoopGroup-15-1] DEBUG com.jayway.jsonpath.internal.path.CompiledPath -- Evaluating path: $
12:54:27.268 [main] DEBUG com.jayway.jsonpath.internal.path.CompiledPath -- Evaluating path: $['expression']
12:54:27.268 [main] DEBUG com.jayway.jsonpath.internal.path.CompiledPath -- Evaluating path: $
12:54:27.268 [main] DEBUG com.jayway.jsonpath.internal.path.CompiledPath -- Evaluating path: $
12:54:27.268 [main] DEBUG com.jayway.jsonpath.internal.JsonContext -- Put path $ key expression value {}
12:54:27.268 [main] DEBUG com.jayway.jsonpath.internal.path.CompiledPath -- Evaluating path: $
12:54:27.268 [main] DEBUG com.jayway.jsonpath.internal.JsonContext -- Put path $ key expression value var e = document.evaluate("//*[@id='user-name']", document, null, 9, null).singleNodeValue; e.focus(); try { e.selectionStart = e.selectionEnd = e.value.length } catch(x) {}
12:54:27.268 [main] DEBUG com.jayway.jsonpath.internal.path.CompiledPath -- Evaluating path: $['returnByValue']
12:54:27.268 [main] DEBUG com.jayway.jsonpath.internal.path.CompiledPath -- Evaluating path: $
12:54:27.268 [main] DEBUG com.jayway.jsonpath.internal.path.CompiledPath -- Evaluating path: $
12:54:27.268 [main] DEBUG com.jayway.jsonpath.internal.JsonContext -- Put path $ key returnByValue value {}
12:54:27.268 [main] DEBUG com.jayway.jsonpath.internal.path.CompiledPath -- Evaluating path: $
12:54:27.268 [main] DEBUG com.jayway.jsonpath.internal.JsonContext -- Put path $ key returnByValue value true
12:54:27.268 [main] DEBUG com.jayway.jsonpath.internal.path.CompiledPath -- Evaluating path: $
12:54:27.268 [main] DEBUG com.intuit.karate.driver.chrome_1718781863995 -- >> {"id":11,"sessionId":"EE1621CCDA1EE4FD28EC2BCD46011587","method":"Runtime.evaluate","params":{"expression":"var e = document.evaluate(\"\/\/*[@id='user-name']\", document, null, 9, null).singleNodeValue; e.focus(); try { e.selectionStart = e.selectionEnd = e.value.length } catch(x) {}","returnByValue":true}}
12:54:27.280 [nioEventLoopGroup-15-1] DEBUG com.intuit.karate.driver.chrome_1718781863995 -- << {"id":11,"result":{"result":{"type":"number","value":0,"description":"0"}},"sessionId":"EE1621CCDA1EE4FD28EC2BCD46011587"}
12:54:27.281 [nioEventLoopGroup-15-1] DEBUG com.jayway.jsonpath.internal.path.CompiledPath -- Evaluating path: $
12:54:27.281 [main] DEBUG com.jayway.jsonpath.internal.path.CompiledPath -- Evaluating path: $['modifiers']
12:54:27.281 [main] DEBUG com.jayway.jsonpath.internal.path.CompiledPath -- Evaluating path: $
12:54:27.281 [main] DEBUG com.jayway.jsonpath.internal.path.CompiledPath -- Evaluating path: $
12:54:27.281 [main] DEBUG com.jayway.jsonpath.internal.JsonContext -- Put path $ key modifiers value {}
12:54:27.281 [main] DEBUG com.jayway.jsonpath.internal.path.CompiledPath -- Evaluating path: $
12:54:27.281 [main] DEBUG com.jayway.jsonpath.internal.JsonContext -- Put path $ key modifiers value 0
12:54:27.281 [main] DEBUG com.jayway.jsonpath.internal.path.CompiledPath -- Evaluating path: $['type']
12:54:27.281 [main] DEBUG com.jayway.jsonpath.internal.path.CompiledPath -- Evaluating path: $
12:54:27.281 [main] DEBUG com.jayway.jsonpath.internal.path.CompiledPath -- Evaluating path: $
12:54:27.281 [main] DEBUG com.jayway.jsonpath.internal.JsonContext -- Put path $ key type value {}
12:54:27.281 [main] DEBUG com.jayway.jsonpath.internal.path.CompiledPath -- Evaluating path: $
12:54:27.281 [main] DEBUG com.jayway.jsonpath.internal.JsonContext -- Put path $ key type value rawKeyDown
12:54:27.281 [main] DEBUG com.jayway.jsonpath.internal.path.CompiledPath -- Evaluating path: $['text']
12:54:27.281 [main] DEBUG com.jayway.jsonpath.internal.path.CompiledPath -- Evaluating path: $
12:54:27.281 [main] DEBUG com.jayway.jsonpath.internal.path.CompiledPath -- Evaluating path: $
12:54:27.281 [main] DEBUG com.jayway.jsonpath.internal.JsonContext -- Put path $ key text value {}
12:54:27.281 [main] DEBUG com.jayway.jsonpath.internal.path.CompiledPath -- Evaluating path: $
12:54:27.281 [main] DEBUG com.jayway.jsonpath.internal.JsonContext -- Put path $ key text value s
12:54:27.281 [main] DEBUG com.jayway.jsonpath.internal.path.CompiledPath -- Evaluating path: $['windowsVirtualKeyCode']
12:54:27.281 [main] DEBUG com.jayway.jsonpath.internal.path.CompiledPath -- Evaluating path: $
12:54:27.281 [main] DEBUG com.jayway.jsonpath.internal.path.CompiledPath -- Evaluating path: $
12:54:27.281 [main] DEBUG com.jayway.jsonpath.internal.JsonContext -- Put path $ key windowsVirtualKeyCode value {}
12:54:27.281 [main] DEBUG com.jayway.jsonpath.internal.path.CompiledPath -- Evaluating path: $
12:54:27.281 [main] DEBUG com.jayway.jsonpath.internal.JsonContext -- Put path $ key windowsVirtualKeyCode value 115
12:54:27.281 [main] DEBUG com.jayway.jsonpath.internal.path.CompiledPath -- Evaluating path: $
12:54:27.281 [main] DEBUG com.intuit.karate.driver.chrome_1718781863995 -- >> {"id":12,"sessionId":"EE1621CCDA1EE4FD28EC2BCD46011587","method":"Input.dispatchKeyEvent","params":{"modifiers":0,"type":"rawKeyDown","text":"s","windowsVirtualKeyCode":115}}
12:54:27.285 [nioEventLoopGroup-15-1] DEBUG com.intuit.karate.driver.chrome_1718781863995 -- << {"id":12,"result":{},"sessionId":"EE1621CCDA1EE4FD28EC2BCD46011587"}
12:54:27.285 [nioEventLoopGroup-15-1] DEBUG com.jayway.jsonpath.internal.path.CompiledPath -- Evaluating path: $
12:54:27.285 [main] DEBUG com.jayway.jsonpath.internal.path.CompiledPath -- Evaluating path: $['modifiers']
12:54:27.285 [main] DEBUG com.jayway.jsonpath.internal.path.CompiledPath -- Evaluating path: $
12:54:27.285 [main] DEBUG com.jayway.jsonpath.internal.path.CompiledPath -- Evaluating path: $
12:54:27.285 [main] DEBUG com.jayway.jsonpath.internal.JsonContext -- Put path $ key modifiers value {}
12:54:27.285 [main] DEBUG com.jayway.jsonpath.internal.path.CompiledPath -- Evaluating path: $
12:54:27.285 [main] DEBUG com.jayway.jsonpath.internal.JsonContext -- Put path $ key modifiers value 0
12:54:27.285 [main] DEBUG com.jayway.jsonpath.internal.path.CompiledPath -- Evaluating path: $['type']
12:54:27.285 [main] DEBUG com.jayway.jsonpath.internal.path.CompiledPath -- Evaluating path: $
12:54:27.285 [main] DEBUG com.jayway.jsonpath.internal.path.CompiledPath -- Evaluating path: $
12:54:27.285 [main] DEBUG com.jayway.jsonpath.internal.JsonContext -- Put path $ key type value {}
12:54:27.285 [main] DEBUG com.jayway.jsonpath.internal.path.CompiledPath -- Evaluating path: $
12:54:27.285 [main] DEBUG com.jayway.jsonpath.internal.JsonContext -- Put path $ key type value char
12:54:27.285 [main] DEBUG com.jayway.jsonpath.internal.path.CompiledPath -- Evaluating path: $['text']
12:54:27.285 [main] DEBUG com.jayway.jsonpath.internal.path.CompiledPath -- Evaluating path: $
12:54:27.285 [main] DEBUG com.jayway.jsonpath.internal.path.CompiledPath -- Evaluating path: $
12:54:27.285 [main] DEBUG com.jayway.jsonpath.internal.JsonContext -- Put path $ key text value {}
12:54:27.285 [main] DEBUG com.jayway.jsonpath.internal.path.CompiledPath -- Evaluating path: $
12:54:27.285 [main] DEBUG com.jayway.jsonpath.internal.JsonContext -- Put path $ key text value s
12:54:27.285 [main] DEBUG com.jayway.jsonpath.internal.path.CompiledPath -- Evaluating path: $['windowsVirtualKeyCode']
12:54:27.285 [main] DEBUG com.jayway.jsonpath.internal.path.CompiledPath -- Evaluating path: $
12:54:27.285 [main] DEBUG com.jayway.jsonpath.internal.path.CompiledPath -- Evaluating path: $
12:54:27.285 [main] DEBUG com.jayway.jsonpath.internal.JsonContext -- Put path $ key windowsVirtualKeyCode value {}
12:54:27.285 [main] DEBUG com.jayway.jsonpath.internal.path.CompiledPath -- Evaluating path: $
12:54:27.285 [main] DEBUG com.jayway.jsonpath.internal.JsonContext -- Put path $ key windowsVirtualKeyCode value 115
12:54:27.285 [main] DEBUG com.jayway.jsonpath.internal.path.CompiledPath -- Evaluating path: $
12:54:27.285 [main] DEBUG com.intuit.karate.driver.chrome_1718781863995 -- >> {"id":13,"sessionId":"EE1621CCDA1EE4FD28EC2BCD46011587","method":"Input.dispatchKeyEvent","params":{"modifiers":0,"type":"char","text":"s","windowsVirtualKeyCode":115}}
12:54:27.292 [nioEventLoopGroup-15-1] DEBUG com.intuit.karate.driver.chrome_1718781863995 -- << {"id":13,"result":{},"sessionId":"EE1621CCDA1EE4FD28EC2BCD46011587"}
12:54:27.292 [nioEventLoopGroup-15-1] DEBUG com.jayway.jsonpath.internal.path.CompiledPath -- Evaluating path: $
12:54:27.292 [main] DEBUG com.jayway.jsonpath.internal.path.CompiledPath -- Evaluating path: $['modifiers']
12:54:27.292 [main] DEBUG com.jayway.jsonpath.internal.path.CompiledPath -- Evaluating path: $
12:54:27.292 [main] DEBUG com.jayway.jsonpath.internal.path.CompiledPath -- Evaluating path: $
12:54:27.292 [main] DEBUG com.jayway.jsonpath.internal.JsonContext -- Put path $ key modifiers value {}
12:54:27.292 [main] DEBUG com.jayway.jsonpath.internal.path.CompiledPath -- Evaluating path: $
12:54:27.292 [main] DEBUG com.jayway.jsonpath.internal.JsonContext -- Put path $ key modifiers value 0
12:54:27.292 [main] DEBUG com.jayway.jsonpath.internal.path.CompiledPath -- Evaluating path: $['type']
12:54:27.292 [main] DEBUG com.jayway.jsonpath.internal.path.CompiledPath -- Evaluating path: $
12:54:27.292 [main] DEBUG com.jayway.jsonpath.internal.path.CompiledPath -- Evaluating path: $
12:54:27.292 [main] DEBUG com.jayway.jsonpath.internal.JsonContext -- Put path $ key type value {}
12:54:27.292 [main] DEBUG com.jayway.jsonpath.internal.path.CompiledPath -- Evaluating path: $
12:54:27.292 [main] DEBUG com.jayway.jsonpath.internal.JsonContext -- Put path $ key type value keyUp
12:54:27.292 [main] DEBUG com.jayway.jsonpath.internal.path.CompiledPath -- Evaluating path: $['text']
12:54:27.292 [main] DEBUG com.jayway.jsonpath.internal.path.CompiledPath -- Evaluating path: $
12:54:27.292 [main] DEBUG com.jayway.jsonpath.internal.path.CompiledPath -- Evaluating path: $
12:54:27.292 [main] DEBUG com.jayway.jsonpath.internal.JsonContext -- Put path $ key text value {}
12:54:27.292 [main] DEBUG com.jayway.jsonpath.internal.path.CompiledPath -- Evaluating path: $
12:54:27.292 [main] DEBUG com.jayway.jsonpath.internal.JsonContext -- Put path $ key text value s
12:54:27.292 [main] DEBUG com.jayway.jsonpath.internal.path.CompiledPath -- Evaluating path: $['windowsVirtualKeyCode']
12:54:27.292 [main] DEBUG com.jayway.jsonpath.internal.path.CompiledPath -- Evaluating path: $
12:54:27.292 [main] DEBUG com.jayway.jsonpath.internal.path.CompiledPath -- Evaluating path: $
12:54:27.292 [main] DEBUG com.jayway.jsonpath.internal.JsonContext -- Put path $ key windowsVirtualKeyCode value {}
12:54:27.292 [main] DEBUG com.jayway.jsonpath.internal.path.CompiledPath -- Evaluating path: $
12:54:27.292 [main] DEBUG com.jayway.jsonpath.internal.JsonContext -- Put path $ key windowsVirtualKeyCode value 115
12:54:27.292 [main] DEBUG com.jayway.jsonpath.internal.path.CompiledPath -- Evaluating path: $
12:54:27.292 [main] DEBUG com.intuit.karate.driver.chrome_1718781863995 -- >> {"id":14,"sessionId":"EE1621CCDA1EE4FD28EC2BCD46011587","method":"Input.dispatchKeyEvent","params":{"modifiers":0,"type":"keyUp","text":"s","windowsVirtualKeyCode":115}}
12:54:27.294 [nioEventLoopGroup-15-1] DEBUG com.intuit.karate.driver.chrome_1718781863995 -- << {"id":14,"result":{},"sessionId":"EE1621CCDA1EE4FD28EC2BCD46011587"}
12:54:27.294 [nioEventLoopGroup-15-1] DEBUG com.jayway.jsonpath.internal.path.CompiledPath -- Evaluating path: $
12:54:27.294 [main] DEBUG com.jayway.jsonpath.internal.path.CompiledPath -- Evaluating path: $['modifiers']
12:54:27.294 [main] DEBUG com.jayway.jsonpath.internal.path.CompiledPath -- Evaluating path: $
12:54:27.294 [main] DEBUG com.jayway.jsonpath.internal.path.CompiledPath -- Evaluating path: $
12:54:27.294 [main] DEBUG com.jayway.jsonpath.internal.JsonContext -- Put path $ key modifiers value {}
12:54:27.294 [main] DEBUG com.jayway.jsonpath.internal.path.CompiledPath -- Evaluating path: $
12:54:27.294 [main] DEBUG com.jayway.jsonpath.internal.JsonContext -- Put path $ key modifiers value 0
12:54:27.294 [main] DEBUG com.jayway.jsonpath.internal.path.CompiledPath -- Evaluating path: $['type']
12:54:27.294 [main] DEBUG com.jayway.jsonpath.internal.path.CompiledPath -- Evaluating path: $
12:54:27.294 [main] DEBUG com.jayway.jsonpath.internal.path.CompiledPath -- Evaluating path: $
12:54:27.294 [main] DEBUG com.jayway.jsonpath.internal.JsonContext -- Put path $ key type value {}
12:54:27.294 [main] DEBUG com.jayway.jsonpath.internal.path.CompiledPath -- Evaluating path: $
12:54:27.294 [main] DEBUG com.jayway.jsonpath.internal.JsonContext -- Put path $ key type value rawKeyDown
12:54:27.294 [main] DEBUG com.jayway.jsonpath.internal.path.CompiledPath -- Evaluating path: $['text']
12:54:27.294 [main] DEBUG com.jayway.jsonpath.internal.path.CompiledPath -- Evaluating path: $
12:54:27.294 [main] DEBUG com.jayway.jsonpath.internal.path.CompiledPath -- Evaluating path: $
12:54:27.294 [main] DEBUG com.jayway.jsonpath.internal.JsonContext -- Put path $ key text value {}
12:54:27.294 [main] DEBUG com.jayway.jsonpath.internal.path.CompiledPath -- Evaluating path: $
12:54:27.294 [main] DEBUG com.jayway.jsonpath.internal.JsonContext -- Put path $ key text value t
12:54:27.294 [main] DEBUG com.jayway.jsonpath.internal.path.CompiledPath -- Evaluating path: $['windowsVirtualKeyCode']
12:54:27.294 [main] DEBUG com.jayway.jsonpath.internal.path.CompiledPath -- Evaluating path: $
12:54:27.294 [main] DEBUG com.jayway.jsonpath.internal.path.CompiledPath -- Evaluating path: $
12:54:27.294 [main] DEBUG com.jayway.jsonpath.internal.JsonContext -- Put path $ key windowsVirtualKeyCode value {}
12:54:27.294 [main] DEBUG com.jayway.jsonpath.internal.path.CompiledPath -- Evaluating path: $
12:54:27.294 [main] DEBUG com.jayway.jsonpath.internal.JsonContext -- Put path $ key windowsVirtualKeyCode value 116
12:54:27.294 [main] DEBUG com.jayway.jsonpath.internal.path.CompiledPath -- Evaluating path: $
12:54:27.294 [main] DEBUG com.intuit.karate.driver.chrome_1718781863995 -- >> {"id":15,"sessionId":"EE1621CCDA1EE4FD28EC2BCD46011587","method":"Input.dispatchKeyEvent","params":{"modifiers":0,"type":"rawKeyDown","text":"t","windowsVirtualKeyCode":116}}
12:54:27.297 [nioEventLoopGroup-15-1] DEBUG com.intuit.karate.driver.chrome_1718781863995 -- << {"id":15,"result":{},"sessionId":"EE1621CCDA1EE4FD28EC2BCD46011587"}
12:54:27.297 [nioEventLoopGroup-15-1] DEBUG com.jayway.jsonpath.internal.path.CompiledPath -- Evaluating path: $
12:54:27.298 [main] DEBUG com.jayway.jsonpath.internal.path.CompiledPath -- Evaluating path: $['modifiers']
12:54:27.298 [main] DEBUG com.jayway.jsonpath.internal.path.CompiledPath -- Evaluating path: $
12:54:27.298 [main] DEBUG com.jayway.jsonpath.internal.path.CompiledPath -- Evaluating path: $
12:54:27.298 [main] DEBUG com.jayway.jsonpath.internal.JsonContext -- Put path $ key modifiers value {}
12:54:27.298 [main] DEBUG com.jayway.jsonpath.internal.path.CompiledPath -- Evaluating path: $
12:54:27.298 [main] DEBUG com.jayway.jsonpath.internal.JsonContext -- Put path $ key modifiers value 0
12:54:27.299 [main] DEBUG com.jayway.jsonpath.internal.path.CompiledPath -- Evaluating path: $['type']
12:54:27.299 [main] DEBUG com.jayway.jsonpath.internal.path.CompiledPath -- Evaluating path: $
12:54:27.299 [main] DEBUG com.jayway.jsonpath.internal.path.CompiledPath -- Evaluating path: $
12:54:27.299 [main] DEBUG com.jayway.jsonpath.internal.JsonContext -- Put path $ key type value {}
12:54:27.299 [main] DEBUG com.jayway.jsonpath.internal.path.CompiledPath -- Evaluating path: $
12:54:27.299 [main] DEBUG com.jayway.jsonpath.internal.JsonContext -- Put path $ key type value char
12:54:27.299 [main] DEBUG com.jayway.jsonpath.internal.path.CompiledPath -- Evaluating path: $['text']
12:54:27.299 [main] DEBUG com.jayway.jsonpath.internal.path.CompiledPath -- Evaluating path: $
12:54:27.299 [main] DEBUG com.jayway.jsonpath.internal.path.CompiledPath -- Evaluating path: $
12:54:27.299 [main] DEBUG com.jayway.jsonpath.internal.JsonContext -- Put path $ key text value {}
12:54:27.299 [main] DEBUG com.jayway.jsonpath.internal.path.CompiledPath -- Evaluating path: $
12:54:27.299 [main] DEBUG com.jayway.jsonpath.internal.JsonContext -- Put path $ key text value t
12:54:27.299 [main] DEBUG com.jayway.jsonpath.internal.path.CompiledPath -- Evaluating path: $['windowsVirtualKeyCode']
12:54:27.299 [main] DEBUG com.jayway.jsonpath.internal.path.CompiledPath -- Evaluating path: $
12:54:27.299 [main] DEBUG com.jayway.jsonpath.internal.path.CompiledPath -- Evaluating path: $
12:54:27.299 [main] DEBUG com.jayway.jsonpath.internal.JsonContext -- Put path $ key windowsVirtualKeyCode value {}
12:54:27.299 [main] DEBUG com.jayway.jsonpath.internal.path.CompiledPath -- Evaluating path: $
12:54:27.299 [main] DEBUG com.jayway.jsonpath.internal.JsonContext -- Put path $ key windowsVirtualKeyCode value 116
12:54:27.299 [main] DEBUG com.jayway.jsonpath.internal.path.CompiledPath -- Evaluating path: $
12:54:27.299 [main] DEBUG com.intuit.karate.driver.chrome_1718781863995 -- >> {"id":16,"sessionId":"EE1621CCDA1EE4FD28EC2BCD46011587","method":"Input.dispatchKeyEvent","params":{"modifiers":0,"type":"char","text":"t","windowsVirtualKeyCode":116}}
12:54:27.306 [nioEventLoopGroup-15-1] DEBUG com.intuit.karate.driver.chrome_1718781863995 -- << {"id":16,"result":{},"sessionId":"EE1621CCDA1EE4FD28EC2BCD46011587"}
12:54:27.306 [nioEventLoopGroup-15-1] DEBUG com.jayway.jsonpath.internal.path.CompiledPath -- Evaluating path: $
12:54:27.307 [main] DEBUG com.jayway.jsonpath.internal.path.CompiledPath -- Evaluating path: $['modifiers']
12:54:27.307 [main] DEBUG com.jayway.jsonpath.internal.path.CompiledPath -- Evaluating path: $
12:54:27.307 [main] DEBUG com.jayway.jsonpath.internal.path.CompiledPath -- Evaluating path: $
12:54:27.307 [main] DEBUG com.jayway.jsonpath.internal.JsonContext -- Put path $ key modifiers value {}
12:54:27.307 [main] DEBUG com.jayway.jsonpath.internal.path.CompiledPath -- Evaluating path: $
12:54:27.307 [main] DEBUG com.jayway.jsonpath.internal.JsonContext -- Put path $ key modifiers value 0
12:54:27.307 [main] DEBUG com.jayway.jsonpath.internal.path.CompiledPath -- Evaluating path: $['type']
12:54:27.307 [main] DEBUG com.jayway.jsonpath.internal.path.CompiledPath -- Evaluating path: $
12:54:27.307 [main] DEBUG com.jayway.jsonpath.internal.path.CompiledPath -- Evaluating path: $
12:54:27.307 [main] DEBUG com.jayway.jsonpath.internal.JsonContext -- Put path $ key type value {}
12:54:27.307 [main] DEBUG com.jayway.jsonpath.internal.path.CompiledPath -- Evaluating path: $
12:54:27.307 [main] DEBUG com.jayway.jsonpath.internal.JsonContext -- Put path $ key type value keyUp
12:54:27.307 [main] DEBUG com.jayway.jsonpath.internal.path.CompiledPath -- Evaluating path: $['text']
12:54:27.307 [main] DEBUG com.jayway.jsonpath.internal.path.CompiledPath -- Evaluating path: $
12:54:27.307 [main] DEBUG com.jayway.jsonpath.internal.path.CompiledPath -- Evaluating path: $
12:54:27.307 [main] DEBUG com.jayway.jsonpath.internal.JsonContext -- Put path $ key text value {}
12:54:27.307 [main] DEBUG com.jayway.jsonpath.internal.path.CompiledPath -- Evaluating path: $
12:54:27.307 [main] DEBUG com.jayway.jsonpath.internal.JsonContext -- Put path $ key text value t
12:54:27.307 [main] DEBUG com.jayway.jsonpath.internal.path.CompiledPath -- Evaluating path: $['windowsVirtualKeyCode']
12:54:27.307 [main] DEBUG com.jayway.jsonpath.internal.path.CompiledPath -- Evaluating path: $
12:54:27.307 [main] DEBUG com.jayway.jsonpath.internal.path.CompiledPath -- Evaluating path: $
12:54:27.307 [main] DEBUG com.jayway.jsonpath.internal.JsonContext -- Put path $ key windowsVirtualKeyCode value {}
12:54:27.307 [main] DEBUG com.jayway.jsonpath.internal.path.CompiledPath -- Evaluating path: $
12:54:27.307 [main] DEBUG com.jayway.jsonpath.internal.JsonContext -- Put path $ key windowsVirtualKeyCode value 116
12:54:27.307 [main] DEBUG com.jayway.jsonpath.internal.path.CompiledPath -- Evaluating path: $
12:54:27.307 [main] DEBUG com.intuit.karate.driver.chrome_1718781863995 -- >> {"id":17,"sessionId":"EE1621CCDA1EE4FD28EC2BCD46011587","method":"Input.dispatchKeyEvent","params":{"modifiers":0,"type":"keyUp","text":"t","windowsVirtualKeyCode":116}}
12:54:27.308 [nioEventLoopGroup-15-1] DEBUG com.intuit.karate.driver.chrome_1718781863995 -- << {"id":17,"result":{},"sessionId":"EE1621CCDA1EE4FD28EC2BCD46011587"}
12:54:27.308 [nioEventLoopGroup-15-1] DEBUG com.jayway.jsonpath.internal.path.CompiledPath -- Evaluating path: $
12:54:27.308 [main] DEBUG com.jayway.jsonpath.internal.path.CompiledPath -- Evaluating path: $['modifiers']
12:54:27.308 [main] DEBUG com.jayway.jsonpath.internal.path.CompiledPath -- Evaluating path: $
12:54:27.308 [main] DEBUG com.jayway.jsonpath.internal.path.CompiledPath -- Evaluating path: $
12:54:27.308 [main] DEBUG com.jayway.jsonpath.internal.JsonContext -- Put path $ key modifiers value {}
12:54:27.308 [main] DEBUG com.jayway.jsonpath.internal.path.CompiledPath -- Evaluating path: $
12:54:27.308 [main] DEBUG com.jayway.jsonpath.internal.JsonContext -- Put path $ key modifiers value 0
12:54:27.308 [main] DEBUG com.jayway.jsonpath.internal.path.CompiledPath -- Evaluating path: $['type']
12:54:27.308 [main] DEBUG com.jayway.jsonpath.internal.path.CompiledPath -- Evaluating path: $
12:54:27.308 [main] DEBUG com.jayway.jsonpath.internal.path.CompiledPath -- Evaluating path: $
12:54:27.308 [main] DEBUG com.jayway.jsonpath.internal.JsonContext -- Put path $ key type value {}
12:54:27.308 [main] DEBUG com.jayway.jsonpath.internal.path.CompiledPath -- Evaluating path: $
12:54:27.308 [main] DEBUG com.jayway.jsonpath.internal.JsonContext -- Put path $ key type value rawKeyDown
12:54:27.308 [main] DEBUG com.jayway.jsonpath.internal.path.CompiledPath -- Evaluating path: $['text']
12:54:27.308 [main] DEBUG com.jayway.jsonpath.internal.path.CompiledPath -- Evaluating path: $
12:54:27.308 [main] DEBUG com.jayway.jsonpath.internal.path.CompiledPath -- Evaluating path: $
12:54:27.308 [main] DEBUG com.jayway.jsonpath.internal.JsonContext -- Put path $ key text value {}
12:54:27.308 [main] DEBUG com.jayway.jsonpath.internal.path.CompiledPath -- Evaluating path: $
12:54:27.308 [main] DEBUG com.jayway.jsonpath.internal.JsonContext -- Put path $ key text value a
12:54:27.308 [main] DEBUG com.jayway.jsonpath.internal.path.CompiledPath -- Evaluating path: $['windowsVirtualKeyCode']
12:54:27.308 [main] DEBUG com.jayway.jsonpath.internal.path.CompiledPath -- Evaluating path: $
12:54:27.308 [main] DEBUG com.jayway.jsonpath.internal.path.CompiledPath -- Evaluating path: $
12:54:27.308 [main] DEBUG com.jayway.jsonpath.internal.JsonContext -- Put path $ key windowsVirtualKeyCode value {}
12:54:27.308 [main] DEBUG com.jayway.jsonpath.internal.path.CompiledPath -- Evaluating path: $
12:54:27.308 [main] DEBUG com.jayway.jsonpath.internal.JsonContext -- Put path $ key windowsVirtualKeyCode value 97
12:54:27.308 [main] DEBUG com.jayway.jsonpath.internal.path.CompiledPath -- Evaluating path: $
12:54:27.308 [main] DEBUG com.intuit.karate.driver.chrome_1718781863995 -- >> {"id":18,"sessionId":"EE1621CCDA1EE4FD28EC2BCD46011587","method":"Input.dispatchKeyEvent","params":{"modifiers":0,"type":"rawKeyDown","text":"a","windowsVirtualKeyCode":97}}
12:54:27.311 [nioEventLoopGroup-15-1] DEBUG com.intuit.karate.driver.chrome_1718781863995 -- << {"id":18,"result":{},"sessionId":"EE1621CCDA1EE4FD28EC2BCD46011587"}
12:54:27.311 [nioEventLoopGroup-15-1] DEBUG com.jayway.jsonpath.internal.path.CompiledPath -- Evaluating path: $
12:54:27.311 [main] DEBUG com.jayway.jsonpath.internal.path.CompiledPath -- Evaluating path: $['modifiers']
12:54:27.311 [main] DEBUG com.jayway.jsonpath.internal.path.CompiledPath -- Evaluating path: $
12:54:27.312 [main] DEBUG com.jayway.jsonpath.internal.path.CompiledPath -- Evaluating path: $
12:54:27.312 [main] DEBUG com.jayway.jsonpath.internal.JsonContext -- Put path $ key modifiers value {}
12:54:27.312 [main] DEBUG com.jayway.jsonpath.internal.path.CompiledPath -- Evaluating path: $
12:54:27.312 [main] DEBUG com.jayway.jsonpath.internal.JsonContext -- Put path $ key modifiers value 0
12:54:27.312 [main] DEBUG com.jayway.jsonpath.internal.path.CompiledPath -- Evaluating path: $['type']
12:54:27.312 [main] DEBUG com.jayway.jsonpath.internal.path.CompiledPath -- Evaluating path: $
12:54:27.312 [main] DEBUG com.jayway.jsonpath.internal.path.CompiledPath -- Evaluating path: $
12:54:27.312 [main] DEBUG com.jayway.jsonpath.internal.JsonContext -- Put path $ key type value {}
12:54:27.312 [main] DEBUG com.jayway.jsonpath.internal.path.CompiledPath -- Evaluating path: $
12:54:27.312 [main] DEBUG com.jayway.jsonpath.internal.JsonContext -- Put path $ key type value char
12:54:27.312 [main] DEBUG com.jayway.jsonpath.internal.path.CompiledPath -- Evaluating path: $['text']
12:54:27.312 [main] DEBUG com.jayway.jsonpath.internal.path.CompiledPath -- Evaluating path: $
12:54:27.312 [main] DEBUG com.jayway.jsonpath.internal.path.CompiledPath -- Evaluating path: $
12:54:27.312 [main] DEBUG com.jayway.jsonpath.internal.JsonContext -- Put path $ key text value {}
12:54:27.312 [main] DEBUG com.jayway.jsonpath.internal.path.CompiledPath -- Evaluating path: $
12:54:27.312 [main] DEBUG com.jayway.jsonpath.internal.JsonContext -- Put path $ key text value a
12:54:27.312 [main] DEBUG com.jayway.jsonpath.internal.path.CompiledPath -- Evaluating path: $['windowsVirtualKeyCode']
12:54:27.312 [main] DEBUG com.jayway.jsonpath.internal.path.CompiledPath -- Evaluating path: $
12:54:27.312 [main] DEBUG com.jayway.jsonpath.internal.path.CompiledPath -- Evaluating path: $
12:54:27.312 [main] DEBUG com.jayway.jsonpath.internal.JsonContext -- Put path $ key windowsVirtualKeyCode value {}
12:54:27.312 [main] DEBUG com.jayway.jsonpath.internal.path.CompiledPath -- Evaluating path: $
12:54:27.312 [main] DEBUG com.jayway.jsonpath.internal.JsonContext -- Put path $ key windowsVirtualKeyCode value 97
12:54:27.312 [main] DEBUG com.jayway.jsonpath.internal.path.CompiledPath -- Evaluating path: $
12:54:27.312 [main] DEBUG com.intuit.karate.driver.chrome_1718781863995 -- >> {"id":19,"sessionId":"EE1621CCDA1EE4FD28EC2BCD46011587","method":"Input.dispatchKeyEvent","params":{"modifiers":0,"type":"char","text":"a","windowsVirtualKeyCode":97}}
12:54:27.320 [nioEventLoopGroup-15-1] DEBUG com.intuit.karate.driver.chrome_1718781863995 -- << {"id":19,"result":{},"sessionId":"EE1621CCDA1EE4FD28EC2BCD46011587"}
12:54:27.320 [nioEventLoopGroup-15-1] DEBUG com.jayway.jsonpath.internal.path.CompiledPath -- Evaluating path: $
12:54:27.320 [main] DEBUG com.jayway.jsonpath.internal.path.CompiledPath -- Evaluating path: $['modifiers']
12:54:27.320 [main] DEBUG com.jayway.jsonpath.internal.path.CompiledPath -- Evaluating path: $
12:54:27.320 [main] DEBUG com.jayway.jsonpath.internal.path.CompiledPath -- Evaluating path: $
12:54:27.320 [main] DEBUG com.jayway.jsonpath.internal.JsonContext -- Put path $ key modifiers value {}
12:54:27.320 [main] DEBUG com.jayway.jsonpath.internal.path.CompiledPath -- Evaluating path: $
12:54:27.320 [main] DEBUG com.jayway.jsonpath.internal.JsonContext -- Put path $ key modifiers value 0
12:54:27.320 [main] DEBUG com.jayway.jsonpath.internal.path.CompiledPath -- Evaluating path: $['type']
12:54:27.320 [main] DEBUG com.jayway.jsonpath.internal.path.CompiledPath -- Evaluating path: $
12:54:27.320 [main] DEBUG com.jayway.jsonpath.internal.path.CompiledPath -- Evaluating path: $
[...]
[THYMELEAF]             * [* {th:bgcolor,data-th-bgcolor}] [1000]: org.thymeleaf.standard.processor.StandardRemovableAttributeTagProcessor
[THYMELEAF]             * [* {th:formtarget,data-th-formtarget}] [1000]: org.thymeleaf.standard.processor.StandardRemovableAttributeTagProcessor
[THYMELEAF]             * [* {th:media,data-th-media}] [1000]: org.thymeleaf.standard.processor.StandardRemovableAttributeTagProcessor
[THYMELEAF]             * [* {th:for,data-th-for}] [1000]: org.thymeleaf.standard.processor.StandardRemovableAttributeTagProcessor
[THYMELEAF]             * [* {th:codebase,data-th-codebase}] [1000]: org.thymeleaf.standard.processor.StandardRemovableAttributeTagProcessor
[THYMELEAF]             * [* {th:form,data-th-form}] [1000]: org.thymeleaf.standard.processor.StandardRemovableAttributeTagProcessor
[THYMELEAF]             * [* {th:cite,data-th-cite}] [1000]: org.thymeleaf.standard.processor.StandardRemovableAttributeTagProcessor
[THYMELEAF]             * [* {th:colspan,data-th-colspan}] [1000]: org.thymeleaf.standard.processor.StandardRemovableAttributeTagProcessor
[THYMELEAF]             * [* {th:width,data-th-width}] [1000]: org.thymeleaf.standard.processor.StandardRemovableAttributeTagProcessor
[THYMELEAF]             * [* {th:frameborder,data-th-frameborder}] [1000]: org.thymeleaf.standard.processor.StandardRemovableAttributeTagProcessor
[THYMELEAF]             * [* {th:accept-charset,data-th-accept-charset}] [1000]: org.thymeleaf.standard.processor.StandardRemovableAttributeTagProcessor
[THYMELEAF]             * [* {th:data,data-th-data}] [1000]: org.thymeleaf.standard.processor.StandardRemovableAttributeTagProcessor
[THYMELEAF]             * [* {th:usemap,data-th-usemap}] [1000]: org.thymeleaf.standard.processor.StandardRemovableAttributeTagProcessor
[THYMELEAF]             * [* {th:rowspan,data-th-rowspan}] [1000]: org.thymeleaf.standard.processor.StandardRemovableAttributeTagProcessor
[THYMELEAF]             * [* {th:valuetype,data-th-valuetype}] [1000]: org.thymeleaf.standard.processor.StandardRemovableAttributeTagProcessor
[THYMELEAF]             * [* {th:autocomplete,data-th-autocomplete}] [1000]: org.thymeleaf.standard.processor.StandardRemovableAttributeTagProcessor
[THYMELEAF]             * [* {th:scope,data-th-scope}] [1000]: org.thymeleaf.standard.processor.StandardRemovableAttributeTagProcessor
[THYMELEAF]             * [* {th:title,data-th-title}] [1000]: org.thymeleaf.standard.processor.StandardRemovableAttributeTagProcessor
[THYMELEAF]             * [* {th:scheme,data-th-scheme}] [1000]: org.thymeleaf.standard.processor.StandardRemovableAttributeTagProcessor
[THYMELEAF]             * [* {th:class,data-th-class}] [1000]: org.thymeleaf.standard.processor.StandardRemovableAttributeTagProcessor
[THYMELEAF]             * [* {th:maxlength,data-th-maxlength}] [1000]: org.thymeleaf.standard.processor.StandardRemovableAttributeTagProcessor
[THYMELEAF]             * [* {th:tabindex,data-th-tabindex}] [1000]: org.thymeleaf.standard.processor.StandardRemovableAttributeTagProcessor
[THYMELEAF]             * [* {th:content,data-th-content}] [1000]: org.thymeleaf.standard.processor.StandardRemovableAttributeTagProcessor
[THYMELEAF]             * [* {th:audio,data-th-audio}] [1000]: org.thymeleaf.standard.processor.StandardRemovableAttributeTagProcessor
[THYMELEAF]             * [* {th:contextmenu,data-th-contextmenu}] [1000]: org.thymeleaf.standard.processor.StandardRemovableAttributeTagProcessor
[THYMELEAF]             * [* {th:standby,data-th-standby}] [1000]: org.thymeleaf.standard.processor.StandardRemovableAttributeTagProcessor
[THYMELEAF]             * [* {th:pattern,data-th-pattern}] [1000]: org.thymeleaf.standard.processor.StandardRemovableAttributeTagProcessor
[THYMELEAF]             * [* {th:archive,data-th-archive}] [1000]: org.thymeleaf.standard.processor.StandardRemovableAttributeTagProcessor
[THYMELEAF]             * [* {th:spellcheck,data-th-spellcheck}] [1000]: org.thymeleaf.standard.processor.StandardRemovableAttributeTagProcessor
[THYMELEAF]             * [* {th:abbr,data-th-abbr}] [1000]: org.thymeleaf.standard.processor.StandardRemovableAttributeTagProcessor
[THYMELEAF]             * [* {th:height,data-th-height}] [1000]: org.thymeleaf.standard.processor.StandardRemovableAttributeTagProcessor
[THYMELEAF]             * [* {th:accept,data-th-accept}] [1000]: org.thymeleaf.standard.processor.StandardRemovableAttributeTagProcessor
[THYMELEAF]             * [* {th:enctype,data-th-enctype}] [1000]: org.thymeleaf.standard.processor.StandardRemovableAttributeTagProcessor
[THYMELEAF]             * [* {th:max,data-th-max}] [1000]: org.thymeleaf.standard.processor.StandardRemovableAttributeTagProcessor
[THYMELEAF]             * [* {th:rows,data-th-rows}] [1000]: org.thymeleaf.standard.processor.StandardRemovableAttributeTagProcessor
[THYMELEAF]             * [* {th:preload,data-th-preload}] [1000]: org.thymeleaf.standard.processor.StandardRemovableAttributeTagProcessor
[THYMELEAF]             * [* {th:marginheight,data-th-marginheight}] [1000]: org.thymeleaf.standard.processor.StandardRemovableAttributeTagProcessor
[THYMELEAF]             * [* {th:dropzone,data-th-dropzone}] [1000]: org.thymeleaf.standard.processor.StandardRemovableAttributeTagProcessor
[THYMELEAF]             * [* {th:src,data-th-src}] [1000]: org.thymeleaf.standard.processor.StandardSrcTagProcessor
[THYMELEAF]             * [* {th:value,data-th-value}] [1000]: org.thymeleaf.standard.processor.StandardValueTagProcessor
[THYMELEAF]             * [* {th:xmlbase,data-th-xmlbase}] [1000]: org.thymeleaf.standard.processor.StandardXmlBaseTagProcessor
[THYMELEAF]             * [* {th:xmllang,data-th-xmllang}] [1000]: org.thymeleaf.standard.processor.StandardXmlLangTagProcessor
[THYMELEAF]             * [* {xmlns:th}] [1000]: org.thymeleaf.standard.processor.StandardXmlNsTagProcessor
[THYMELEAF]             * [* {th:xmlspace,data-th-xmlspace}] [1000]: org.thymeleaf.standard.processor.StandardXmlSpaceTagProcessor
[THYMELEAF]             * [* {th:classappend,data-th-classappend}] [1100]: org.thymeleaf.standard.processor.StandardClassappendTagProcessor
[THYMELEAF]             * [* {th:styleappend,data-th-styleappend}] [1100]: org.thymeleaf.standard.processor.StandardStyleappendTagProcessor
[THYMELEAF]             * [* {th:text,data-th-text}] [1300]: org.thymeleaf.standard.processor.StandardTextTagProcessor
[THYMELEAF]             * [* {th:utext,data-th-utext}] [1400]: org.thymeleaf.standard.processor.StandardUtextTagProcessor
[THYMELEAF]             * [* {th:fragment,data-th-fragment}] [1500]: org.thymeleaf.standard.processor.StandardFragmentTagProcessor
[THYMELEAF]             * [* {th:assert,data-th-assert}] [1550]: org.thymeleaf.standard.processor.StandardAssertTagProcessor
[THYMELEAF]             * [* {th:remove,data-th-remove}] [1600]: org.thymeleaf.standard.processor.StandardRemoveTagProcessor
[THYMELEAF]             * [* {th:ref,data-th-ref}] [10000]: org.thymeleaf.standard.processor.StandardRefAttributeTagProcessor
[THYMELEAF]             * [{th:block,th-block} *] [100000]: org.thymeleaf.standard.processor.StandardBlockTagProcessor
[THYMELEAF]             * [* th:*] [2147483647]: org.thymeleaf.standard.processor.StandardDefaultAttributesTagProcessor
[THYMELEAF]         * Text Processors by [precedence]:
[THYMELEAF]             * [1000]: org.thymeleaf.standard.processor.StandardInliningTextProcessor
[THYMELEAF]         * DOCTYPE Processors by [precedence]:
[THYMELEAF]             * [1000]: org.thymeleaf.standard.processor.StandardTranslationDocTypeProcessor
[THYMELEAF]         * CDATA Section Processors by [precedence]:
[THYMELEAF]             * [1000]: org.thymeleaf.standard.processor.StandardInliningCDATASectionProcessor
[THYMELEAF]         * Comment Processors by [precedence]:
[THYMELEAF]             * [1000]: org.thymeleaf.standard.processor.StandardInliningCommentProcessor
[THYMELEAF]             * [1100]: org.thymeleaf.standard.processor.StandardConditionalCommentProcessor
[THYMELEAF]     * Processors for Template Mode: XML
[THYMELEAF]         * Element Tag Processors by [matching element and attribute name] [precedence]:
[THYMELEAF]             * [* {th:include}] [100]: org.thymeleaf.standard.processor.StandardIncludeTagProcessor
[THYMELEAF]             * [* {th:insert}] [100]: org.thymeleaf.standard.processor.StandardInsertTagProcessor
[THYMELEAF]             * [* {th:replace}] [100]: org.thymeleaf.standard.processor.StandardReplaceTagProcessor
[THYMELEAF]             * [* {th:each}] [200]: com.intuit.karate.template.KarateEachTagProcessor
[THYMELEAF]             * [* {th:switch}] [250]: org.thymeleaf.standard.processor.StandardSwitchTagProcessor
[THYMELEAF]             * [* {th:case}] [275]: org.thymeleaf.standard.processor.StandardCaseTagProcessor
[THYMELEAF]             * [* {th:if}] [300]: org.thymeleaf.standard.processor.StandardIfTagProcessor
[THYMELEAF]             * [* {th:unless}] [400]: org.thymeleaf.standard.processor.StandardUnlessTagProcessor
[THYMELEAF]             * [* {th:object}] [500]: org.thymeleaf.standard.processor.StandardObjectTagProcessor
[THYMELEAF]             * [* {th:with}] [600]: com.intuit.karate.template.KarateWithTagProcessor
[THYMELEAF]             * [* {th:attr}] [700]: com.intuit.karate.template.KarateAttributeTagProcessor.KarateAttrTagProcessor
[THYMELEAF]             * [* {th:attrappend}] [900]: com.intuit.karate.template.KarateAttributeTagProcessor.KarateAttrappendTagProcessor
[THYMELEAF]             * [* {th:attrprepend}] [900]: com.intuit.karate.template.KarateAttributeTagProcessor.KarateAttrprependTagProcessor
[THYMELEAF]             * [* {th:inline}] [1000]: org.thymeleaf.standard.processor.StandardInlineXMLTagProcessor
[THYMELEAF]             * [* {xmlns:th}] [1000]: org.thymeleaf.standard.processor.StandardXmlNsTagProcessor
[THYMELEAF]             * [* {th:text}] [1300]: org.thymeleaf.standard.processor.StandardTextTagProcessor
[THYMELEAF]             * [* {th:utext}] [1400]: org.thymeleaf.standard.processor.StandardUtextTagProcessor
[THYMELEAF]             * [* {th:fragment}] [1500]: org.thymeleaf.standard.processor.StandardFragmentTagProcessor
[THYMELEAF]             * [* {th:assert}] [1550]: org.thymeleaf.standard.processor.StandardAssertTagProcessor
[THYMELEAF]             * [* {th:remove}] [1600]: org.thymeleaf.standard.processor.StandardRemoveTagProcessor
[THYMELEAF]             * [* {th:ref}] [10000]: org.thymeleaf.standard.processor.StandardRefAttributeTagProcessor
[THYMELEAF]             * [{th:block} *] [100000]: org.thymeleaf.standard.processor.StandardBlockTagProcessor
[THYMELEAF]             * [* th:*] [2147483647]: org.thymeleaf.standard.processor.StandardDefaultAttributesTagProcessor
[THYMELEAF]         * Text Processors by [precedence]:
[THYMELEAF]             * [1000]: org.thymeleaf.standard.processor.StandardInliningTextProcessor
[THYMELEAF]         * CDATA Section Processors by [precedence]:
[THYMELEAF]             * [1000]: org.thymeleaf.standard.processor.StandardInliningCDATASectionProcessor
[THYMELEAF]         * Comment Processors by [precedence]:
[THYMELEAF]             * [1000]: org.thymeleaf.standard.processor.StandardInliningCommentProcessor
[THYMELEAF]     * Processors for Template Mode: TEXT
[THYMELEAF]         * Element Tag Processors by [matching element and attribute name] [precedence]:
[THYMELEAF]             * [* {th:insert}] [100]: org.thymeleaf.standard.processor.StandardInsertTagProcessor
[THYMELEAF]             * [* {th:replace}] [100]: org.thymeleaf.standard.processor.StandardReplaceTagProcessor
[THYMELEAF]             * [* {th:each}] [200]: com.intuit.karate.template.KarateEachTagProcessor
[THYMELEAF]             * [* {th:switch}] [250]: org.thymeleaf.standard.processor.StandardSwitchTagProcessor
[THYMELEAF]             * [* {th:case}] [275]: org.thymeleaf.standard.processor.StandardCaseTagProcessor
[THYMELEAF]             * [* {th:if}] [300]: org.thymeleaf.standard.processor.StandardIfTagProcessor
[THYMELEAF]             * [* {th:unless}] [400]: org.thymeleaf.standard.processor.StandardUnlessTagProcessor
[THYMELEAF]             * [* {th:object}] [500]: org.thymeleaf.standard.processor.StandardObjectTagProcessor
[THYMELEAF]             * [* {th:with}] [600]: com.intuit.karate.template.KarateWithTagProcessor
[THYMELEAF]             * [* {th:inline}] [1000]: org.thymeleaf.standard.processor.StandardInlineTextualTagProcessor
[THYMELEAF]             * [* {th:text}] [1300]: org.thymeleaf.standard.processor.StandardTextTagProcessor
[THYMELEAF]             * [* {th:utext}] [1400]: org.thymeleaf.standard.processor.StandardUtextTagProcessor
[THYMELEAF]             * [* {th:assert}] [1550]: org.thymeleaf.standard.processor.StandardAssertTagProcessor
[THYMELEAF]             * [* {th:remove}] [1600]: org.thymeleaf.standard.processor.StandardRemoveTagProcessor
[THYMELEAF]             * [* 100000] [org.thymeleaf.standard.processor.StandardBlockTagProcessor]: {}
[THYMELEAF]             * [{th:block} *] [100000]: org.thymeleaf.standard.processor.StandardBlockTagProcessor
[THYMELEAF]         * Text Processors by [precedence]:
[THYMELEAF]             * [1000]: org.thymeleaf.standard.processor.StandardInliningTextProcessor
[THYMELEAF]     * Processors for Template Mode: JAVASCRIPT
[THYMELEAF]         * Element Tag Processors by [matching element and attribute name] [precedence]:
[THYMELEAF]             * [* {th:insert}] [100]: org.thymeleaf.standard.processor.StandardInsertTagProcessor
[THYMELEAF]             * [* {th:replace}] [100]: org.thymeleaf.standard.processor.StandardReplaceTagProcessor
[THYMELEAF]             * [* {th:each}] [200]: com.intuit.karate.template.KarateEachTagProcessor
[THYMELEAF]             * [* {th:switch}] [250]: org.thymeleaf.standard.processor.StandardSwitchTagProcessor
[THYMELEAF]             * [* {th:case}] [275]: org.thymeleaf.standard.processor.StandardCaseTagProcessor
[THYMELEAF]             * [* {th:if}] [300]: org.thymeleaf.standard.processor.StandardIfTagProcessor
[THYMELEAF]             * [* {th:unless}] [400]: org.thymeleaf.standard.processor.StandardUnlessTagProcessor
[THYMELEAF]             * [* {th:object}] [500]: org.thymeleaf.standard.processor.StandardObjectTagProcessor
[THYMELEAF]             * [* {th:with}] [600]: com.intuit.karate.template.KarateWithTagProcessor
[THYMELEAF]             * [* {th:inline}] [1000]: org.thymeleaf.standard.processor.StandardInlineTextualTagProcessor
[THYMELEAF]             * [* {th:text}] [1300]: org.thymeleaf.standard.processor.StandardTextTagProcessor
[THYMELEAF]             * [* {th:utext}] [1400]: org.thymeleaf.standard.processor.StandardUtextTagProcessor
[THYMELEAF]             * [* {th:assert}] [1550]: org.thymeleaf.standard.processor.StandardAssertTagProcessor
[THYMELEAF]             * [* {th:remove}] [1600]: org.thymeleaf.standard.processor.StandardRemoveTagProcessor
[THYMELEAF]             * [* 100000] [org.thymeleaf.standard.processor.StandardBlockTagProcessor]: {}
[THYMELEAF]             * [{th:block} *] [100000]: org.thymeleaf.standard.processor.StandardBlockTagProcessor
[THYMELEAF]         * Text Processors by [precedence]:
[THYMELEAF]             * [1000]: org.thymeleaf.standard.processor.StandardInliningTextProcessor
[THYMELEAF]     * Processors for Template Mode: CSS
[THYMELEAF]         * Element Tag Processors by [matching element and attribute name] [precedence]:
[THYMELEAF]             * [* {th:insert}] [100]: org.thymeleaf.standard.processor.StandardInsertTagProcessor
[THYMELEAF]             * [* {th:replace}] [100]: org.thymeleaf.standard.processor.StandardReplaceTagProcessor
[THYMELEAF]             * [* {th:each}] [200]: com.intuit.karate.template.KarateEachTagProcessor
[THYMELEAF]             * [* {th:switch}] [250]: org.thymeleaf.standard.processor.StandardSwitchTagProcessor
[THYMELEAF]             * [* {th:case}] [275]: org.thymeleaf.standard.processor.StandardCaseTagProcessor
[THYMELEAF]             * [* {th:if}] [300]: org.thymeleaf.standard.processor.StandardIfTagProcessor
[THYMELEAF]             * [* {th:unless}] [400]: org.thymeleaf.standard.processor.StandardUnlessTagProcessor
[THYMELEAF]             * [* {th:object}] [500]: org.thymeleaf.standard.processor.StandardObjectTagProcessor
[THYMELEAF]             * [* {th:with}] [600]: com.intuit.karate.template.KarateWithTagProcessor
[THYMELEAF]             * [* {th:inline}] [1000]: org.thymeleaf.standard.processor.StandardInlineTextualTagProcessor
[THYMELEAF]             * [* {th:text}] [1300]: org.thymeleaf.standard.processor.StandardTextTagProcessor
[THYMELEAF]             * [* {th:utext}] [1400]: org.thymeleaf.standard.processor.StandardUtextTagProcessor
[THYMELEAF]             * [* {th:assert}] [1550]: org.thymeleaf.standard.processor.StandardAssertTagProcessor
[THYMELEAF]             * [* {th:remove}] [1600]: org.thymeleaf.standard.processor.StandardRemoveTagProcessor
[THYMELEAF]             * [{th:block} *] [100000]: org.thymeleaf.standard.processor.StandardBlockTagProcessor
[THYMELEAF]             * [* 100000] [org.thymeleaf.standard.processor.StandardBlockTagProcessor]: {}
[THYMELEAF]         * Text Processors by [precedence]:
[THYMELEAF]             * [1000]: org.thymeleaf.standard.processor.StandardInliningTextProcessor
[THYMELEAF]     * Expression Objects:
[THYMELEAF]         * #ctx
[THYMELEAF]         * #root
[THYMELEAF]         * #vars
[THYMELEAF]         * #object
[THYMELEAF]         * #locale
[THYMELEAF]         * #conversions
[THYMELEAF]         * #uris
[THYMELEAF]         * #temporals
[THYMELEAF]         * #calendars
[THYMELEAF]         * #dates
[THYMELEAF]         * #bools
[THYMELEAF]         * #numbers
[THYMELEAF]         * #objects
[THYMELEAF]         * #strings
[THYMELEAF]         * #arrays
[THYMELEAF]         * #lists
[THYMELEAF]         * #sets
[THYMELEAF]         * #maps
[THYMELEAF]         * #aggregates
[THYMELEAF]         * #messages
[THYMELEAF]         * #ids
[THYMELEAF]         * #execInfo
[THYMELEAF]         * #request
[THYMELEAF]         * #response
[THYMELEAF]         * #session
[THYMELEAF]         * #servletContext
[THYMELEAF]     * Execution Attributes:
[THYMELEAF]         * "StandardExpressionParser": com.intuit.karate.template.KarateStandardDialect@7b54a0a4
[THYMELEAF]         * "StandardJavaScriptSerializer": org.thymeleaf.standard.serializer.StandardJavaScriptSerializer@1ee6434
[THYMELEAF]         * "StandardCSSSerializer": org.thymeleaf.standard.serializer.StandardCSSSerializer@71d78cac
[THYMELEAF]         * "StandardVariableExpressionEvaluator": com.intuit.karate.template.KarateStandardDialect@7b54a0a4
[THYMELEAF]         * "StandardConversionService": org.thymeleaf.standard.expression.StandardConversionService@550f522b
[THYMELEAF] * Dialect [2 of 2]: karate (com.intuit.karate.template.KarateScriptDialect)
[THYMELEAF]     * Prefix: "ka"
[THYMELEAF]     * Processors for Template Mode: HTML
[THYMELEAF]         * Element Tag Processors by [matching element and attribute name] [precedence]:
[THYMELEAF]             * [* {src}] [1000]: com.intuit.karate.template.KaScriptAttrProcessor
[THYMELEAF]         * Element Model Processors by [matching element and attribute name] [precedence]:
[THYMELEAF]             * [{script} {ka:scope,data-ka-scope}] [1000]: com.intuit.karate.template.KaScriptElemProcessor
[THYMELEAF]             * [* {ka:set,data-ka-set}] [1000]: com.intuit.karate.template.KaSetElemProcessor
[THYMELEAF] TEMPLATE ENGINE CONFIGURED OK
12:54:44.938 [main] DEBUG org.thymeleaf.TemplateEngine -- [THYMELEAF] TEMPLATE ENGINE INITIALIZED

HTML report: (paste into browser to view) | Karate version: 1.4.1
file:///C:/Users/HarshvardhanNigaveka/OneDrive%20-%20Academian%20India%20Private%20Limited/Desktop/GitHubActions/karateUI/UI_Automation_Project/target/karate-reports/karate-summary.html
===================================================================

]]></system-out>
  </testcase>
</testsuite>